2022-12-08 10:38:44,627 ERROR org.springframework.boot.SpringApplication [main] Application run failed
java.lang.IllegalStateException: java.lang.IllegalStateException: Logback configuration error detected: 
ERROR in ch.qos.logback.classic.pattern.ClassOfCallerConverter@6d23017e - failed to parse integer string [1.] java.lang.NumberFormatException: For input string: "1."
ERROR in ch.qos.logback.classic.pattern.ClassOfCallerConverter@54dcfa5a - failed to parse integer string [1.] java.lang.NumberFormatException: For input string: "1."
	at org.springframework.boot.context.logging.LoggingApplicationListener.initializeSystem(LoggingApplicationListener.java:347)
	at org.springframework.boot.context.logging.LoggingApplicationListener.initialize(LoggingApplicationListener.java:298)
	at org.springframework.boot.context.logging.LoggingApplicationListener.onApplicationEnvironmentPreparedEvent(LoggingApplicationListener.java:246)
	at org.springframework.boot.context.logging.LoggingApplicationListener.onApplicationEvent(LoggingApplicationListener.java:223)
	at org.springframework.context.event.SimpleApplicationEventMulticaster.doInvokeListener(SimpleApplicationEventMulticaster.java:176)
	at org.springframework.context.event.SimpleApplicationEventMulticaster.invokeListener(SimpleApplicationEventMulticaster.java:169)
	at org.springframework.context.event.SimpleApplicationEventMulticaster.multicastEvent(SimpleApplicationEventMulticaster.java:143)
	at org.springframework.context.event.SimpleApplicationEventMulticaster.multicastEvent(SimpleApplicationEventMulticaster.java:131)
	at org.springframework.boot.context.event.EventPublishingRunListener.multicastInitialEvent(EventPublishingRunListener.java:136)
	at org.springframework.boot.context.event.EventPublishingRunListener.environmentPrepared(EventPublishingRunListener.java:81)
	at org.springframework.boot.SpringApplicationRunListeners.lambda$environmentPrepared$2(SpringApplicationRunListeners.java:64)
	at java.base/java.lang.Iterable.forEach(Iterable.java:75)
	at org.springframework.boot.SpringApplicationRunListeners.doWithListeners(SpringApplicationRunListeners.java:118)
	at org.springframework.boot.SpringApplicationRunListeners.doWithListeners(SpringApplicationRunListeners.java:112)
	at org.springframework.boot.SpringApplicationRunListeners.environmentPrepared(SpringApplicationRunListeners.java:63)
	at org.springframework.boot.SpringApplication.prepareEnvironment(SpringApplication.java:352)
	at org.springframework.boot.SpringApplication.run(SpringApplication.java:303)
	at org.springframework.boot.SpringApplication.run(SpringApplication.java:1302)
	at org.springframework.boot.SpringApplication.run(SpringApplication.java:1291)
	at org.example.JUnitPractice.main(JUnitPractice.java:9)
Caused by: java.lang.IllegalStateException: Logback configuration error detected: 
ERROR in ch.qos.logback.classic.pattern.ClassOfCallerConverter@6d23017e - failed to parse integer string [1.] java.lang.NumberFormatException: For input string: "1."
ERROR in ch.qos.logback.classic.pattern.ClassOfCallerConverter@54dcfa5a - failed to parse integer string [1.] java.lang.NumberFormatException: For input string: "1."
	at org.springframework.boot.logging.logback.LogbackLoggingSystem.loadConfiguration(LogbackLoggingSystem.java:251)
	at org.springframework.boot.logging.logback.LogbackLoggingSystem.reinitialize(LogbackLoggingSystem.java:307)
	at org.springframework.boot.logging.AbstractLoggingSystem.initializeWithConventions(AbstractLoggingSystem.java:73)
	at org.springframework.boot.logging.AbstractLoggingSystem.initialize(AbstractLoggingSystem.java:60)
	at org.springframework.boot.logging.logback.LogbackLoggingSystem.initialize(LogbackLoggingSystem.java:186)
	at org.springframework.boot.context.logging.LoggingApplicationListener.initializeSystem(LoggingApplicationListener.java:332)
	... 19 common frames omitted
2022-12-08 10:40:00,720 ERROR o.s.b.SpringApplication [main] Application run failed
java.lang.IllegalStateException: java.lang.IllegalStateException: Logback configuration error detected: 
ERROR in ch.qos.logback.classic.pattern.ClassOfCallerConverter@767e20cf - failed to parse integer string [1.] java.lang.NumberFormatException: For input string: "1."
	at org.springframework.boot.context.logging.LoggingApplicationListener.initializeSystem(LoggingApplicationListener.java:347)
	at org.springframework.boot.context.logging.LoggingApplicationListener.initialize(LoggingApplicationListener.java:298)
	at org.springframework.boot.context.logging.LoggingApplicationListener.onApplicationEnvironmentPreparedEvent(LoggingApplicationListener.java:246)
	at org.springframework.boot.context.logging.LoggingApplicationListener.onApplicationEvent(LoggingApplicationListener.java:223)
	at org.springframework.context.event.SimpleApplicationEventMulticaster.doInvokeListener(SimpleApplicationEventMulticaster.java:176)
	at org.springframework.context.event.SimpleApplicationEventMulticaster.invokeListener(SimpleApplicationEventMulticaster.java:169)
	at org.springframework.context.event.SimpleApplicationEventMulticaster.multicastEvent(SimpleApplicationEventMulticaster.java:143)
	at org.springframework.context.event.SimpleApplicationEventMulticaster.multicastEvent(SimpleApplicationEventMulticaster.java:131)
	at org.springframework.boot.context.event.EventPublishingRunListener.multicastInitialEvent(EventPublishingRunListener.java:136)
	at org.springframework.boot.context.event.EventPublishingRunListener.environmentPrepared(EventPublishingRunListener.java:81)
	at org.springframework.boot.SpringApplicationRunListeners.lambda$environmentPrepared$2(SpringApplicationRunListeners.java:64)
	at java.base/java.lang.Iterable.forEach(Iterable.java:75)
	at org.springframework.boot.SpringApplicationRunListeners.doWithListeners(SpringApplicationRunListeners.java:118)
	at org.springframework.boot.SpringApplicationRunListeners.doWithListeners(SpringApplicationRunListeners.java:112)
	at org.springframework.boot.SpringApplicationRunListeners.environmentPrepared(SpringApplicationRunListeners.java:63)
	at org.springframework.boot.SpringApplication.prepareEnvironment(SpringApplication.java:352)
	at org.springframework.boot.SpringApplication.run(SpringApplication.java:303)
	at org.springframework.boot.SpringApplication.run(SpringApplication.java:1302)
	at org.springframework.boot.SpringApplication.run(SpringApplication.java:1291)
	at org.example.JUnitPractice.main(JUnitPractice.java:9)
Caused by: java.lang.IllegalStateException: Logback configuration error detected: 
ERROR in ch.qos.logback.classic.pattern.ClassOfCallerConverter@767e20cf - failed to parse integer string [1.] java.lang.NumberFormatException: For input string: "1."
	at org.springframework.boot.logging.logback.LogbackLoggingSystem.loadConfiguration(LogbackLoggingSystem.java:251)
	at org.springframework.boot.logging.logback.LogbackLoggingSystem.reinitialize(LogbackLoggingSystem.java:307)
	at org.springframework.boot.logging.AbstractLoggingSystem.initializeWithConventions(AbstractLoggingSystem.java:73)
	at org.springframework.boot.logging.AbstractLoggingSystem.initialize(AbstractLoggingSystem.java:60)
	at org.springframework.boot.logging.logback.LogbackLoggingSystem.initialize(LogbackLoggingSystem.java:186)
	at org.springframework.boot.context.logging.LoggingApplicationListener.initializeSystem(LoggingApplicationListener.java:332)
	... 19 common frames omitted
2022-12-08 10:40:59,799 ERROR org.springframework.boot.SpringApplication [main] Application run failed
java.lang.IllegalStateException: java.lang.IllegalStateException: Logback configuration error detected: 
ERROR in ch.qos.logback.classic.pattern.ClassOfCallerConverter@767e20cf - failed to parse integer string [1.] java.lang.NumberFormatException: For input string: "1."
	at org.springframework.boot.context.logging.LoggingApplicationListener.initializeSystem(LoggingApplicationListener.java:347)
	at org.springframework.boot.context.logging.LoggingApplicationListener.initialize(LoggingApplicationListener.java:298)
	at org.springframework.boot.context.logging.LoggingApplicationListener.onApplicationEnvironmentPreparedEvent(LoggingApplicationListener.java:246)
	at org.springframework.boot.context.logging.LoggingApplicationListener.onApplicationEvent(LoggingApplicationListener.java:223)
	at org.springframework.context.event.SimpleApplicationEventMulticaster.doInvokeListener(SimpleApplicationEventMulticaster.java:176)
	at org.springframework.context.event.SimpleApplicationEventMulticaster.invokeListener(SimpleApplicationEventMulticaster.java:169)
	at org.springframework.context.event.SimpleApplicationEventMulticaster.multicastEvent(SimpleApplicationEventMulticaster.java:143)
	at org.springframework.context.event.SimpleApplicationEventMulticaster.multicastEvent(SimpleApplicationEventMulticaster.java:131)
	at org.springframework.boot.context.event.EventPublishingRunListener.multicastInitialEvent(EventPublishingRunListener.java:136)
	at org.springframework.boot.context.event.EventPublishingRunListener.environmentPrepared(EventPublishingRunListener.java:81)
	at org.springframework.boot.SpringApplicationRunListeners.lambda$environmentPrepared$2(SpringApplicationRunListeners.java:64)
	at java.base/java.lang.Iterable.forEach(Iterable.java:75)
	at org.springframework.boot.SpringApplicationRunListeners.doWithListeners(SpringApplicationRunListeners.java:118)
	at org.springframework.boot.SpringApplicationRunListeners.doWithListeners(SpringApplicationRunListeners.java:112)
	at org.springframework.boot.SpringApplicationRunListeners.environmentPrepared(SpringApplicationRunListeners.java:63)
	at org.springframework.boot.SpringApplication.prepareEnvironment(SpringApplication.java:352)
	at org.springframework.boot.SpringApplication.run(SpringApplication.java:303)
	at org.springframework.boot.SpringApplication.run(SpringApplication.java:1302)
	at org.springframework.boot.SpringApplication.run(SpringApplication.java:1291)
	at org.example.JUnitPractice.main(JUnitPractice.java:9)
Caused by: java.lang.IllegalStateException: Logback configuration error detected: 
ERROR in ch.qos.logback.classic.pattern.ClassOfCallerConverter@767e20cf - failed to parse integer string [1.] java.lang.NumberFormatException: For input string: "1."
	at org.springframework.boot.logging.logback.LogbackLoggingSystem.loadConfiguration(LogbackLoggingSystem.java:251)
	at org.springframework.boot.logging.logback.LogbackLoggingSystem.reinitialize(LogbackLoggingSystem.java:307)
	at org.springframework.boot.logging.AbstractLoggingSystem.initializeWithConventions(AbstractLoggingSystem.java:73)
	at org.springframework.boot.logging.AbstractLoggingSystem.initialize(AbstractLoggingSystem.java:60)
	at org.springframework.boot.logging.logback.LogbackLoggingSystem.initialize(LogbackLoggingSystem.java:186)
	at org.springframework.boot.context.logging.LoggingApplicationListener.initializeSystem(LoggingApplicationListener.java:332)
	... 19 common frames omitted
2022-12-08 10:41:19,548 ERROR o.s.b.SpringApplication [main] Application run failed
java.lang.IllegalStateException: java.lang.IllegalStateException: Logback configuration error detected: 
ERROR in ch.qos.logback.classic.pattern.ClassOfCallerConverter@767e20cf - failed to parse integer string [1.] java.lang.NumberFormatException: For input string: "1."
	at org.springframework.boot.context.logging.LoggingApplicationListener.initializeSystem(LoggingApplicationListener.java:347)
	at org.springframework.boot.context.logging.LoggingApplicationListener.initialize(LoggingApplicationListener.java:298)
	at org.springframework.boot.context.logging.LoggingApplicationListener.onApplicationEnvironmentPreparedEvent(LoggingApplicationListener.java:246)
	at org.springframework.boot.context.logging.LoggingApplicationListener.onApplicationEvent(LoggingApplicationListener.java:223)
	at org.springframework.context.event.SimpleApplicationEventMulticaster.doInvokeListener(SimpleApplicationEventMulticaster.java:176)
	at org.springframework.context.event.SimpleApplicationEventMulticaster.invokeListener(SimpleApplicationEventMulticaster.java:169)
	at org.springframework.context.event.SimpleApplicationEventMulticaster.multicastEvent(SimpleApplicationEventMulticaster.java:143)
	at org.springframework.context.event.SimpleApplicationEventMulticaster.multicastEvent(SimpleApplicationEventMulticaster.java:131)
	at org.springframework.boot.context.event.EventPublishingRunListener.multicastInitialEvent(EventPublishingRunListener.java:136)
	at org.springframework.boot.context.event.EventPublishingRunListener.environmentPrepared(EventPublishingRunListener.java:81)
	at org.springframework.boot.SpringApplicationRunListeners.lambda$environmentPrepared$2(SpringApplicationRunListeners.java:64)
	at java.base/java.lang.Iterable.forEach(Iterable.java:75)
	at org.springframework.boot.SpringApplicationRunListeners.doWithListeners(SpringApplicationRunListeners.java:118)
	at org.springframework.boot.SpringApplicationRunListeners.doWithListeners(SpringApplicationRunListeners.java:112)
	at org.springframework.boot.SpringApplicationRunListeners.environmentPrepared(SpringApplicationRunListeners.java:63)
	at org.springframework.boot.SpringApplication.prepareEnvironment(SpringApplication.java:352)
	at org.springframework.boot.SpringApplication.run(SpringApplication.java:303)
	at org.springframework.boot.SpringApplication.run(SpringApplication.java:1302)
	at org.springframework.boot.SpringApplication.run(SpringApplication.java:1291)
	at org.example.JUnitPractice.main(JUnitPractice.java:9)
Caused by: java.lang.IllegalStateException: Logback configuration error detected: 
ERROR in ch.qos.logback.classic.pattern.ClassOfCallerConverter@767e20cf - failed to parse integer string [1.] java.lang.NumberFormatException: For input string: "1."
	at org.springframework.boot.logging.logback.LogbackLoggingSystem.loadConfiguration(LogbackLoggingSystem.java:251)
	at org.springframework.boot.logging.logback.LogbackLoggingSystem.reinitialize(LogbackLoggingSystem.java:307)
	at org.springframework.boot.logging.AbstractLoggingSystem.initializeWithConventions(AbstractLoggingSystem.java:73)
	at org.springframework.boot.logging.AbstractLoggingSystem.initialize(AbstractLoggingSystem.java:60)
	at org.springframework.boot.logging.logback.LogbackLoggingSystem.initialize(LogbackLoggingSystem.java:186)
	at org.springframework.boot.context.logging.LoggingApplicationListener.initializeSystem(LoggingApplicationListener.java:332)
	... 19 common frames omitted
2022-12-08 10:41:50,187 INFO o.s.d.r.c.RepositoryConfigurationDelegate [main] Bootstrapping Spring Data JPA repositories in DEFAULT mode.
2022-12-08 10:41:50,254 INFO o.s.d.r.c.RepositoryConfigurationDelegate [main] Finished Spring Data repository scanning in 54 ms. Found 1 JPA repository interfaces.
2022-12-08 10:41:50,909 INFO o.s.b.w.e.t.TomcatWebServer [main] Tomcat initialized with port(s): 9000 (http)
2022-12-08 10:41:50,921 INFO o.a.j.l.DirectJDKLog [main] Starting service [Tomcat]
2022-12-08 10:41:50,921 INFO o.a.j.l.DirectJDKLog [main] Starting Servlet engine: [Apache Tomcat/10.1.1]
2022-12-08 10:41:51,028 INFO o.a.j.l.DirectJDKLog [main] Initializing Spring embedded WebApplicationContext
2022-12-08 10:41:51,030 INFO o.s.b.w.s.c.ServletWebServerApplicationContext [main] Root WebApplicationContext: initialization completed in 1571 ms
2022-12-08 10:41:51,067 INFO c.z.h.HikariDataSource [main] HikariPool-1 - Starting...
2022-12-08 10:41:51,290 INFO c.z.h.p.HikariPool [main] HikariPool-1 - Added connection conn0: url=jdbc:h2:mem:junit_db user=SA
2022-12-08 10:41:51,292 INFO c.z.h.HikariDataSource [main] HikariPool-1 - Start completed.
2022-12-08 10:41:51,303 INFO o.s.b.a.h.H2ConsoleAutoConfiguration [main] H2 console available at '/h2-console'. Database available at 'jdbc:h2:mem:junit_db'
2022-12-08 10:41:51,440 INFO o.h.j.i.u.LogHelper [main] HHH000204: Processing PersistenceUnitInfo [name: default]
2022-12-08 10:41:51,501 INFO o.h.Version [main] HHH000412: Hibernate ORM core version 6.1.5.Final
2022-12-08 10:41:51,667 WARN o.h.b.i.MetadataBuilderImpl$MetadataBuildingOptionsImpl [main] HHH90000021: Encountered deprecated setting [javax.persistence.sharedCache.mode], use [jakarta.persistence.sharedCache.mode] instead
2022-12-08 10:41:51,801 INFO o.h.e.j.d.i.DialectFactoryImpl [main] HHH000400: Using dialect: org.hibernate.dialect.H2Dialect
2022-12-08 10:41:52,489 INFO o.h.e.t.j.p.i.JtaPlatformInitiator [main] HHH000490: Using JtaPlatform implementation: [org.hibernate.engine.transaction.jta.platform.internal.NoJtaPlatform]
2022-12-08 10:41:52,495 INFO o.s.o.j.AbstractEntityManagerFactoryBean [main] Initialized JPA EntityManagerFactory for persistence unit 'default'
2022-12-08 10:41:52,818 WARN o.s.b.a.o.j.JpaBaseConfiguration$JpaWebConfiguration [main] spring.jpa.open-in-view is enabled by default. Therefore, database queries may be performed during view rendering. Explicitly configure spring.jpa.open-in-view to disable this warning
2022-12-08 10:41:53,198 INFO o.s.b.w.e.t.TomcatWebServer [main] Tomcat started on port(s): 9000 (http) with context path ''
2022-12-08 10:52:08,185 INFO o.s.o.j.AbstractEntityManagerFactoryBean [SpringApplicationShutdownHook] Closing JPA EntityManagerFactory for persistence unit 'default'
2022-12-08 10:52:08,186 INFO o.h.t.s.i.SchemaDropperImpl$DelayedDropActionImpl [SpringApplicationShutdownHook] HHH000477: Starting delayed evictData of schema as part of SessionFactory shut-down'
2022-12-08 10:54:04,466 INFO o.s.d.r.c.RepositoryConfigurationDelegate [main] Bootstrapping Spring Data JPA repositories in DEFAULT mode.
2022-12-08 10:54:04,526 INFO o.s.d.r.c.RepositoryConfigurationDelegate [main] Finished Spring Data repository scanning in 47 ms. Found 1 JPA repository interfaces.
2022-12-08 10:54:05,268 INFO o.s.b.w.e.t.TomcatWebServer [main] Tomcat initialized with port(s): 9000 (http)
2022-12-08 10:54:05,282 INFO o.a.j.l.DirectJDKLog [main] Starting service [Tomcat]
2022-12-08 10:54:05,283 INFO o.a.j.l.DirectJDKLog [main] Starting Servlet engine: [Apache Tomcat/10.1.1]
2022-12-08 10:54:05,383 INFO o.a.j.l.DirectJDKLog [main] Initializing Spring embedded WebApplicationContext
2022-12-08 10:54:05,386 INFO o.s.b.w.s.c.ServletWebServerApplicationContext [main] Root WebApplicationContext: initialization completed in 1586 ms
2022-12-08 10:54:05,421 INFO c.z.h.HikariDataSource [main] HikariPool-1 - Starting...
2022-12-08 10:54:05,659 INFO c.z.h.p.HikariPool [main] HikariPool-1 - Added connection conn0: url=jdbc:h2:mem:junit_db user=SA
2022-12-08 10:54:05,661 INFO c.z.h.HikariDataSource [main] HikariPool-1 - Start completed.
2022-12-08 10:54:05,672 INFO o.s.b.a.h.H2ConsoleAutoConfiguration [main] H2 console available at '/h2-console'. Database available at 'jdbc:h2:mem:junit_db'
2022-12-08 10:54:05,829 INFO o.h.j.i.u.LogHelper [main] HHH000204: Processing PersistenceUnitInfo [name: default]
2022-12-08 10:54:05,904 INFO o.h.Version [main] HHH000412: Hibernate ORM core version 6.1.5.Final
2022-12-08 10:54:06,072 WARN o.h.b.i.MetadataBuilderImpl$MetadataBuildingOptionsImpl [main] HHH90000021: Encountered deprecated setting [javax.persistence.sharedCache.mode], use [jakarta.persistence.sharedCache.mode] instead
2022-12-08 10:54:06,207 INFO o.h.e.j.d.i.DialectFactoryImpl [main] HHH000400: Using dialect: org.hibernate.dialect.H2Dialect
2022-12-08 10:54:06,877 INFO o.h.e.t.j.p.i.JtaPlatformInitiator [main] HHH000490: Using JtaPlatform implementation: [org.hibernate.engine.transaction.jta.platform.internal.NoJtaPlatform]
2022-12-08 10:54:06,884 INFO o.s.o.j.AbstractEntityManagerFactoryBean [main] Initialized JPA EntityManagerFactory for persistence unit 'default'
2022-12-08 10:54:07,185 WARN o.s.b.a.o.j.JpaBaseConfiguration$JpaWebConfiguration [main] spring.jpa.open-in-view is enabled by default. Therefore, database queries may be performed during view rendering. Explicitly configure spring.jpa.open-in-view to disable this warning
2022-12-08 10:54:07,532 INFO o.s.b.w.e.t.TomcatWebServer [main] Tomcat started on port(s): 9000 (http) with context path ''
2022-12-08 10:55:39,864 INFO o.s.o.j.AbstractEntityManagerFactoryBean [SpringApplicationShutdownHook] Closing JPA EntityManagerFactory for persistence unit 'default'
2022-12-08 10:55:39,864 INFO o.h.t.s.i.SchemaDropperImpl$DelayedDropActionImpl [SpringApplicationShutdownHook] HHH000477: Starting delayed evictData of schema as part of SessionFactory shut-down'
2022-12-08 10:56:38,391 INFO o.s.d.r.c.RepositoryConfigurationDelegate [main] Bootstrapping Spring Data JPA repositories in DEFAULT mode.
2022-12-08 10:56:38,474 INFO o.s.d.r.c.RepositoryConfigurationDelegate [main] Finished Spring Data repository scanning in 68 ms. Found 1 JPA repository interfaces.
2022-12-08 10:56:39,228 INFO o.s.b.w.e.t.TomcatWebServer [main] Tomcat initialized with port(s): 9000 (http)
2022-12-08 10:56:39,243 INFO o.a.j.l.DirectJDKLog [main] Starting service [Tomcat]
2022-12-08 10:56:39,244 INFO o.a.j.l.DirectJDKLog [main] Starting Servlet engine: [Apache Tomcat/10.1.1]
2022-12-08 10:56:39,375 INFO o.a.j.l.DirectJDKLog [main] Initializing Spring embedded WebApplicationContext
2022-12-08 10:56:39,378 INFO o.s.b.w.s.c.ServletWebServerApplicationContext [main] Root WebApplicationContext: initialization completed in 1938 ms
2022-12-08 10:56:39,416 INFO c.z.h.HikariDataSource [main] HikariPool-1 - Starting...
2022-12-08 10:56:39,702 INFO c.z.h.p.HikariPool [main] HikariPool-1 - Added connection conn0: url=jdbc:h2:mem:junit_db user=SA
2022-12-08 10:56:39,705 INFO c.z.h.HikariDataSource [main] HikariPool-1 - Start completed.
2022-12-08 10:56:39,721 INFO o.s.b.a.h.H2ConsoleAutoConfiguration [main] H2 console available at '/h2-console'. Database available at 'jdbc:h2:mem:junit_db'
2022-12-08 10:56:39,922 INFO o.h.j.i.u.LogHelper [main] HHH000204: Processing PersistenceUnitInfo [name: default]
2022-12-08 10:56:40,015 INFO o.h.Version [main] HHH000412: Hibernate ORM core version 6.1.5.Final
2022-12-08 10:56:40,224 WARN o.h.b.i.MetadataBuilderImpl$MetadataBuildingOptionsImpl [main] HHH90000021: Encountered deprecated setting [javax.persistence.sharedCache.mode], use [jakarta.persistence.sharedCache.mode] instead
2022-12-08 10:56:40,405 INFO o.h.e.j.d.i.DialectFactoryImpl [main] HHH000400: Using dialect: org.hibernate.dialect.H2Dialect
2022-12-08 10:56:41,285 INFO o.h.e.t.j.p.i.JtaPlatformInitiator [main] HHH000490: Using JtaPlatform implementation: [org.hibernate.engine.transaction.jta.platform.internal.NoJtaPlatform]
2022-12-08 10:56:41,297 INFO o.s.o.j.AbstractEntityManagerFactoryBean [main] Initialized JPA EntityManagerFactory for persistence unit 'default'
2022-12-08 10:57:08,934 WARN o.s.b.a.o.j.JpaBaseConfiguration$JpaWebConfiguration [main] spring.jpa.open-in-view is enabled by default. Therefore, database queries may be performed during view rendering. Explicitly configure spring.jpa.open-in-view to disable this warning
2022-12-08 10:58:14,470 INFO o.s.d.r.c.RepositoryConfigurationDelegate [main] Bootstrapping Spring Data JPA repositories in DEFAULT mode.
2022-12-08 10:58:14,532 INFO o.s.d.r.c.RepositoryConfigurationDelegate [main] Finished Spring Data repository scanning in 49 ms. Found 1 JPA repository interfaces.
2022-12-08 10:58:15,245 INFO o.s.b.w.e.t.TomcatWebServer [main] Tomcat initialized with port(s): 9000 (http)
2022-12-08 10:58:15,262 INFO o.a.j.l.DirectJDKLog [main] Starting service [Tomcat]
2022-12-08 10:58:15,263 INFO o.a.j.l.DirectJDKLog [main] Starting Servlet engine: [Apache Tomcat/10.1.1]
2022-12-08 10:58:15,397 INFO o.a.j.l.DirectJDKLog [main] Initializing Spring embedded WebApplicationContext
2022-12-08 10:58:15,400 INFO o.s.b.w.s.c.ServletWebServerApplicationContext [main] Root WebApplicationContext: initialization completed in 1615 ms
2022-12-08 10:58:15,441 INFO c.z.h.HikariDataSource [main] HikariPool-1 - Starting...
2022-12-08 10:58:15,641 INFO c.z.h.p.HikariPool [main] HikariPool-1 - Added connection conn0: url=jdbc:h2:mem:junit_db user=SA
2022-12-08 10:58:15,642 INFO c.z.h.HikariDataSource [main] HikariPool-1 - Start completed.
2022-12-08 10:58:15,654 INFO o.s.b.a.h.H2ConsoleAutoConfiguration [main] H2 console available at '/h2-console'. Database available at 'jdbc:h2:mem:junit_db'
2022-12-08 10:58:15,801 INFO o.h.j.i.u.LogHelper [main] HHH000204: Processing PersistenceUnitInfo [name: default]
2022-12-08 10:58:15,867 INFO o.h.Version [main] HHH000412: Hibernate ORM core version 6.1.5.Final
2022-12-08 10:58:16,034 WARN o.h.b.i.MetadataBuilderImpl$MetadataBuildingOptionsImpl [main] HHH90000021: Encountered deprecated setting [javax.persistence.sharedCache.mode], use [jakarta.persistence.sharedCache.mode] instead
2022-12-08 10:58:16,172 INFO o.h.e.j.d.i.DialectFactoryImpl [main] HHH000400: Using dialect: org.hibernate.dialect.H2Dialect
2022-12-08 10:58:16,840 INFO o.h.e.t.j.p.i.JtaPlatformInitiator [main] HHH000490: Using JtaPlatform implementation: [org.hibernate.engine.transaction.jta.platform.internal.NoJtaPlatform]
2022-12-08 10:58:16,847 INFO o.s.o.j.AbstractEntityManagerFactoryBean [main] Initialized JPA EntityManagerFactory for persistence unit 'default'
2022-12-08 10:58:17,177 WARN o.s.b.a.o.j.JpaBaseConfiguration$JpaWebConfiguration [main] spring.jpa.open-in-view is enabled by default. Therefore, database queries may be performed during view rendering. Explicitly configure spring.jpa.open-in-view to disable this warning
2022-12-08 10:58:17,533 INFO o.s.b.w.e.t.TomcatWebServer [main] Tomcat started on port(s): 9000 (http) with context path ''
2022-12-08 10:58:24,641 INFO o.s.o.j.AbstractEntityManagerFactoryBean [SpringApplicationShutdownHook] Closing JPA EntityManagerFactory for persistence unit 'default'
2022-12-08 10:58:24,642 INFO o.h.t.s.i.SchemaDropperImpl$DelayedDropActionImpl [SpringApplicationShutdownHook] HHH000477: Starting delayed evictData of schema as part of SessionFactory shut-down'
2022-12-08 10:58:29,256 INFO o.s.d.r.c.RepositoryConfigurationDelegate [main] Bootstrapping Spring Data JPA repositories in DEFAULT mode.
2022-12-08 10:58:29,337 INFO o.s.d.r.c.RepositoryConfigurationDelegate [main] Finished Spring Data repository scanning in 69 ms. Found 1 JPA repository interfaces.
2022-12-08 10:58:30,208 INFO o.s.b.w.e.t.TomcatWebServer [main] Tomcat initialized with port(s): 9000 (http)
2022-12-08 10:58:30,220 INFO o.a.j.l.DirectJDKLog [main] Starting service [Tomcat]
2022-12-08 10:58:30,221 INFO o.a.j.l.DirectJDKLog [main] Starting Servlet engine: [Apache Tomcat/10.1.1]
2022-12-08 10:58:30,432 INFO o.a.j.l.DirectJDKLog [main] Initializing Spring embedded WebApplicationContext
2022-12-08 10:58:30,436 INFO o.s.b.w.s.c.ServletWebServerApplicationContext [main] Root WebApplicationContext: initialization completed in 1997 ms
2022-12-08 10:58:30,477 INFO c.z.h.HikariDataSource [main] HikariPool-1 - Starting...
2022-12-08 10:58:30,712 INFO c.z.h.p.HikariPool [main] HikariPool-1 - Added connection conn0: url=jdbc:h2:mem:junit_db user=SA
2022-12-08 10:58:30,716 INFO c.z.h.HikariDataSource [main] HikariPool-1 - Start completed.
2022-12-08 10:58:30,728 INFO o.s.b.a.h.H2ConsoleAutoConfiguration [main] H2 console available at '/h2-console'. Database available at 'jdbc:h2:mem:junit_db'
2022-12-08 10:58:30,909 INFO o.h.j.i.u.LogHelper [main] HHH000204: Processing PersistenceUnitInfo [name: default]
2022-12-08 10:58:31,001 INFO o.h.Version [main] HHH000412: Hibernate ORM core version 6.1.5.Final
2022-12-08 10:58:31,216 WARN o.h.b.i.MetadataBuilderImpl$MetadataBuildingOptionsImpl [main] HHH90000021: Encountered deprecated setting [javax.persistence.sharedCache.mode], use [jakarta.persistence.sharedCache.mode] instead
2022-12-08 10:58:31,458 INFO o.h.e.j.d.i.DialectFactoryImpl [main] HHH000400: Using dialect: org.hibernate.dialect.H2Dialect
2022-12-08 10:58:32,476 INFO o.h.e.t.j.p.i.JtaPlatformInitiator [main] HHH000490: Using JtaPlatform implementation: [org.hibernate.engine.transaction.jta.platform.internal.NoJtaPlatform]
2022-12-08 10:58:32,484 INFO o.s.o.j.AbstractEntityManagerFactoryBean [main] Initialized JPA EntityManagerFactory for persistence unit 'default'
2022-12-08 10:58:47,861 WARN o.s.b.a.o.j.JpaBaseConfiguration$JpaWebConfiguration [main] spring.jpa.open-in-view is enabled by default. Therefore, database queries may be performed during view rendering. Explicitly configure spring.jpa.open-in-view to disable this warning
2022-12-08 11:01:57,060 INFO o.s.d.r.c.RepositoryConfigurationDelegate [main] Bootstrapping Spring Data JPA repositories in DEFAULT mode.
2022-12-08 11:01:57,150 INFO o.s.d.r.c.RepositoryConfigurationDelegate [main] Finished Spring Data repository scanning in 74 ms. Found 1 JPA repository interfaces.
2022-12-08 11:01:58,012 INFO o.s.b.w.e.t.TomcatWebServer [main] Tomcat initialized with port(s): 9000 (http)
2022-12-08 11:01:58,025 INFO o.a.j.l.DirectJDKLog [main] Starting service [Tomcat]
2022-12-08 11:01:58,026 INFO o.a.j.l.DirectJDKLog [main] Starting Servlet engine: [Apache Tomcat/10.1.1]
2022-12-08 11:01:58,153 INFO o.a.j.l.DirectJDKLog [main] Initializing Spring embedded WebApplicationContext
2022-12-08 11:01:58,155 INFO o.s.b.w.s.c.ServletWebServerApplicationContext [main] Root WebApplicationContext: initialization completed in 2347 ms
2022-12-08 11:01:58,196 INFO c.z.h.HikariDataSource [main] HikariPool-1 - Starting...
2022-12-08 11:01:58,439 INFO c.z.h.p.HikariPool [main] HikariPool-1 - Added connection conn0: url=jdbc:h2:mem:junit_db user=SA
2022-12-08 11:01:58,442 INFO c.z.h.HikariDataSource [main] HikariPool-1 - Start completed.
2022-12-08 11:01:58,457 INFO o.s.b.a.h.H2ConsoleAutoConfiguration [main] H2 console available at '/h2-console'. Database available at 'jdbc:h2:mem:junit_db'
2022-12-08 11:01:58,643 INFO o.h.j.i.u.LogHelper [main] HHH000204: Processing PersistenceUnitInfo [name: default]
2022-12-08 11:01:58,729 INFO o.h.Version [main] HHH000412: Hibernate ORM core version 6.1.5.Final
2022-12-08 11:01:58,924 WARN o.h.b.i.MetadataBuilderImpl$MetadataBuildingOptionsImpl [main] HHH90000021: Encountered deprecated setting [javax.persistence.sharedCache.mode], use [jakarta.persistence.sharedCache.mode] instead
2022-12-08 11:01:59,113 INFO o.h.e.j.d.i.DialectFactoryImpl [main] HHH000400: Using dialect: org.hibernate.dialect.H2Dialect
2022-12-08 11:01:59,972 INFO o.h.e.t.j.p.i.JtaPlatformInitiator [main] HHH000490: Using JtaPlatform implementation: [org.hibernate.engine.transaction.jta.platform.internal.NoJtaPlatform]
2022-12-08 11:01:59,980 INFO o.s.o.j.AbstractEntityManagerFactoryBean [main] Initialized JPA EntityManagerFactory for persistence unit 'default'
2022-12-08 11:02:14,324 WARN o.s.b.a.o.j.JpaBaseConfiguration$JpaWebConfiguration [main] spring.jpa.open-in-view is enabled by default. Therefore, database queries may be performed during view rendering. Explicitly configure spring.jpa.open-in-view to disable this warning
2022-12-08 11:02:14,801 INFO o.s.b.w.e.t.TomcatWebServer [main] Tomcat started on port(s): 9000 (http) with context path ''
2022-12-08 11:03:55,778 INFO o.s.o.j.AbstractEntityManagerFactoryBean [SpringApplicationShutdownHook] Closing JPA EntityManagerFactory for persistence unit 'default'
2022-12-08 11:03:55,779 INFO o.h.t.s.i.SchemaDropperImpl$DelayedDropActionImpl [SpringApplicationShutdownHook] HHH000477: Starting delayed evictData of schema as part of SessionFactory shut-down'
2022-12-08 11:12:49,681 INFO o.s.d.r.c.RepositoryConfigurationDelegate [main] Bootstrapping Spring Data JPA repositories in DEFAULT mode.
2022-12-08 11:12:49,779 INFO o.s.d.r.c.RepositoryConfigurationDelegate [main] Finished Spring Data repository scanning in 81 ms. Found 1 JPA repository interfaces.
2022-12-08 11:12:50,670 INFO o.s.b.w.e.t.TomcatWebServer [main] Tomcat initialized with port(s): 9000 (http)
2022-12-08 11:12:50,689 INFO o.a.j.l.DirectJDKLog [main] Starting service [Tomcat]
2022-12-08 11:12:50,690 INFO o.a.j.l.DirectJDKLog [main] Starting Servlet engine: [Apache Tomcat/10.1.1]
2022-12-08 11:12:50,852 INFO o.a.j.l.DirectJDKLog [main] Initializing Spring embedded WebApplicationContext
2022-12-08 11:12:50,855 INFO o.s.b.w.s.c.ServletWebServerApplicationContext [main] Root WebApplicationContext: initialization completed in 2183 ms
2022-12-08 11:12:50,908 INFO c.z.h.HikariDataSource [main] HikariPool-1 - Starting...
2022-12-08 11:12:51,169 INFO c.z.h.p.HikariPool [main] HikariPool-1 - Added connection conn0: url=jdbc:h2:mem:junit_db user=SA
2022-12-08 11:12:51,171 INFO c.z.h.HikariDataSource [main] HikariPool-1 - Start completed.
2022-12-08 11:12:51,185 INFO o.s.b.a.h.H2ConsoleAutoConfiguration [main] H2 console available at '/h2-console'. Database available at 'jdbc:h2:mem:junit_db'
2022-12-08 11:12:51,407 INFO o.h.j.i.u.LogHelper [main] HHH000204: Processing PersistenceUnitInfo [name: default]
2022-12-08 11:12:51,475 INFO o.h.Version [main] HHH000412: Hibernate ORM core version 6.1.5.Final
2022-12-08 11:12:51,698 WARN o.h.b.i.MetadataBuilderImpl$MetadataBuildingOptionsImpl [main] HHH90000021: Encountered deprecated setting [javax.persistence.sharedCache.mode], use [jakarta.persistence.sharedCache.mode] instead
2022-12-08 11:12:51,887 INFO o.h.e.j.d.i.DialectFactoryImpl [main] HHH000400: Using dialect: org.hibernate.dialect.H2Dialect
2022-12-08 11:12:52,789 INFO o.h.e.t.j.p.i.JtaPlatformInitiator [main] HHH000490: Using JtaPlatform implementation: [org.hibernate.engine.transaction.jta.platform.internal.NoJtaPlatform]
2022-12-08 11:12:52,797 INFO o.s.o.j.AbstractEntityManagerFactoryBean [main] Initialized JPA EntityManagerFactory for persistence unit 'default'
2022-12-08 11:12:53,205 WARN o.s.b.a.o.j.JpaBaseConfiguration$JpaWebConfiguration [main] spring.jpa.open-in-view is enabled by default. Therefore, database queries may be performed during view rendering. Explicitly configure spring.jpa.open-in-view to disable this warning
2022-12-08 11:12:53,814 INFO o.s.b.w.e.t.TomcatWebServer [main] Tomcat started on port(s): 9000 (http) with context path ''
2022-12-08 11:41:10,055 INFO o.s.o.j.AbstractEntityManagerFactoryBean [SpringApplicationShutdownHook] Closing JPA EntityManagerFactory for persistence unit 'default'
2022-12-08 11:41:10,056 INFO o.h.t.s.i.SchemaDropperImpl$DelayedDropActionImpl [SpringApplicationShutdownHook] HHH000477: Starting delayed evictData of schema as part of SessionFactory shut-down'
2022-12-08 11:41:28,442 INFO o.s.d.r.c.RepositoryConfigurationDelegate [main] Bootstrapping Spring Data JPA repositories in DEFAULT mode.
2022-12-08 11:41:28,508 INFO o.s.d.r.c.RepositoryConfigurationDelegate [main] Finished Spring Data repository scanning in 53 ms. Found 1 JPA repository interfaces.
2022-12-08 11:41:29,174 INFO o.s.b.w.e.t.TomcatWebServer [main] Tomcat initialized with port(s): 9000 (http)
2022-12-08 11:41:29,186 INFO o.a.j.l.DirectJDKLog [main] Starting service [Tomcat]
2022-12-08 11:41:29,187 INFO o.a.j.l.DirectJDKLog [main] Starting Servlet engine: [Apache Tomcat/10.1.1]
2022-12-08 11:41:29,290 INFO o.a.j.l.DirectJDKLog [main] Initializing Spring embedded WebApplicationContext
2022-12-08 11:41:29,293 INFO o.s.b.w.s.c.ServletWebServerApplicationContext [main] Root WebApplicationContext: initialization completed in 1542 ms
2022-12-08 11:41:29,332 INFO c.z.h.HikariDataSource [main] HikariPool-1 - Starting...
2022-12-08 11:41:29,576 INFO c.z.h.p.HikariPool [main] HikariPool-1 - Added connection conn0: url=jdbc:h2:mem:junit_db user=SA
2022-12-08 11:41:29,578 INFO c.z.h.HikariDataSource [main] HikariPool-1 - Start completed.
2022-12-08 11:41:29,592 INFO o.s.b.a.h.H2ConsoleAutoConfiguration [main] H2 console available at '/h2-console'. Database available at 'jdbc:h2:mem:junit_db'
2022-12-08 11:41:29,742 INFO o.h.j.i.u.LogHelper [main] HHH000204: Processing PersistenceUnitInfo [name: default]
2022-12-08 11:41:29,810 INFO o.h.Version [main] HHH000412: Hibernate ORM core version 6.1.5.Final
2022-12-08 11:41:29,995 WARN o.h.b.i.MetadataBuilderImpl$MetadataBuildingOptionsImpl [main] HHH90000021: Encountered deprecated setting [javax.persistence.sharedCache.mode], use [jakarta.persistence.sharedCache.mode] instead
2022-12-08 11:41:30,145 INFO o.h.e.j.d.i.DialectFactoryImpl [main] HHH000400: Using dialect: org.hibernate.dialect.H2Dialect
2022-12-08 11:41:30,894 INFO o.h.e.t.j.p.i.JtaPlatformInitiator [main] HHH000490: Using JtaPlatform implementation: [org.hibernate.engine.transaction.jta.platform.internal.NoJtaPlatform]
2022-12-08 11:41:30,902 INFO o.s.o.j.AbstractEntityManagerFactoryBean [main] Initialized JPA EntityManagerFactory for persistence unit 'default'
2022-12-08 11:41:31,243 WARN o.s.b.a.o.j.JpaBaseConfiguration$JpaWebConfiguration [main] spring.jpa.open-in-view is enabled by default. Therefore, database queries may be performed during view rendering. Explicitly configure spring.jpa.open-in-view to disable this warning
2022-12-08 11:41:31,733 INFO o.s.b.w.e.t.TomcatWebServer [main] Tomcat started on port(s): 9000 (http) with context path ''
2022-12-08 11:49:59,829 INFO o.s.o.j.AbstractEntityManagerFactoryBean [SpringApplicationShutdownHook] Closing JPA EntityManagerFactory for persistence unit 'default'
2022-12-08 11:49:59,830 INFO o.h.t.s.i.SchemaDropperImpl$DelayedDropActionImpl [SpringApplicationShutdownHook] HHH000477: Starting delayed evictData of schema as part of SessionFactory shut-down'
2022-12-08 11:57:41,177 INFO o.s.d.r.c.RepositoryConfigurationDelegate [main] Bootstrapping Spring Data JPA repositories in DEFAULT mode.
2022-12-08 11:57:41,250 INFO o.s.d.r.c.RepositoryConfigurationDelegate [main] Finished Spring Data repository scanning in 60 ms. Found 1 JPA repository interfaces.
2022-12-08 11:57:41,972 INFO o.s.b.w.e.t.TomcatWebServer [main] Tomcat initialized with port(s): 9000 (http)
2022-12-08 11:57:41,988 INFO o.a.j.l.DirectJDKLog [main] Starting service [Tomcat]
2022-12-08 11:57:41,988 INFO o.a.j.l.DirectJDKLog [main] Starting Servlet engine: [Apache Tomcat/10.1.1]
2022-12-08 11:57:42,100 INFO o.a.j.l.DirectJDKLog [main] Initializing Spring embedded WebApplicationContext
2022-12-08 11:57:42,102 INFO o.s.b.w.s.c.ServletWebServerApplicationContext [main] Root WebApplicationContext: initialization completed in 1748 ms
2022-12-08 11:57:42,137 INFO c.z.h.HikariDataSource [main] HikariPool-1 - Starting...
2022-12-08 11:57:42,376 INFO c.z.h.p.HikariPool [main] HikariPool-1 - Added connection conn0: url=jdbc:h2:mem:junit_db user=SA
2022-12-08 11:57:42,378 INFO c.z.h.HikariDataSource [main] HikariPool-1 - Start completed.
2022-12-08 11:57:42,390 INFO o.s.b.a.h.H2ConsoleAutoConfiguration [main] H2 console available at '/h2-console'. Database available at 'jdbc:h2:mem:junit_db'
2022-12-08 11:57:42,552 INFO o.h.j.i.u.LogHelper [main] HHH000204: Processing PersistenceUnitInfo [name: default]
2022-12-08 11:57:42,648 INFO o.h.Version [main] HHH000412: Hibernate ORM core version 6.1.5.Final
2022-12-08 11:57:42,860 WARN o.h.b.i.MetadataBuilderImpl$MetadataBuildingOptionsImpl [main] HHH90000021: Encountered deprecated setting [javax.persistence.sharedCache.mode], use [jakarta.persistence.sharedCache.mode] instead
2022-12-08 11:57:43,021 INFO o.h.e.j.d.i.DialectFactoryImpl [main] HHH000400: Using dialect: org.hibernate.dialect.H2Dialect
2022-12-08 11:57:43,755 INFO o.h.e.t.j.p.i.JtaPlatformInitiator [main] HHH000490: Using JtaPlatform implementation: [org.hibernate.engine.transaction.jta.platform.internal.NoJtaPlatform]
2022-12-08 11:57:43,764 INFO o.s.o.j.AbstractEntityManagerFactoryBean [main] Initialized JPA EntityManagerFactory for persistence unit 'default'
2022-12-08 11:57:44,131 WARN o.s.b.a.o.j.JpaBaseConfiguration$JpaWebConfiguration [main] spring.jpa.open-in-view is enabled by default. Therefore, database queries may be performed during view rendering. Explicitly configure spring.jpa.open-in-view to disable this warning
2022-12-08 11:57:44,565 INFO o.s.b.w.e.t.TomcatWebServer [main] Tomcat started on port(s): 9000 (http) with context path ''
2022-12-08 11:59:05,200 INFO o.a.j.l.DirectJDKLog [http-nio-9000-exec-1] Initializing Spring DispatcherServlet 'dispatcherServlet'
2022-12-08 11:59:05,200 INFO o.s.w.s.FrameworkServlet [http-nio-9000-exec-1] Initializing Servlet 'dispatcherServlet'
2022-12-08 11:59:05,201 INFO o.s.w.s.FrameworkServlet [http-nio-9000-exec-1] Completed initialization in 1 ms
2022-12-08 11:59:27,783 ERROR o.e.e.r.a.MyController [http-nio-9000-exec-3] test
2022-12-08 12:02:04,605 ERROR o.e.e.r.a.MyController [http-nio-9000-exec-6] test
2022-12-08 12:03:00,476 INFO o.s.o.j.AbstractEntityManagerFactoryBean [SpringApplicationShutdownHook] Closing JPA EntityManagerFactory for persistence unit 'default'
2022-12-08 12:03:00,477 INFO o.h.t.s.i.SchemaDropperImpl$DelayedDropActionImpl [SpringApplicationShutdownHook] HHH000477: Starting delayed evictData of schema as part of SessionFactory shut-down'
2022-12-08 12:03:07,261 INFO o.s.d.r.c.RepositoryConfigurationDelegate [main] Bootstrapping Spring Data JPA repositories in DEFAULT mode.
2022-12-08 12:03:07,353 INFO o.s.d.r.c.RepositoryConfigurationDelegate [main] Finished Spring Data repository scanning in 77 ms. Found 1 JPA repository interfaces.
2022-12-08 12:03:08,175 INFO o.s.b.w.e.t.TomcatWebServer [main] Tomcat initialized with port(s): 9000 (http)
2022-12-08 12:03:08,188 INFO o.a.j.l.DirectJDKLog [main] Starting service [Tomcat]
2022-12-08 12:03:08,188 INFO o.a.j.l.DirectJDKLog [main] Starting Servlet engine: [Apache Tomcat/10.1.1]
2022-12-08 12:03:08,322 INFO o.a.j.l.DirectJDKLog [main] Initializing Spring embedded WebApplicationContext
2022-12-08 12:03:08,325 INFO o.s.b.w.s.c.ServletWebServerApplicationContext [main] Root WebApplicationContext: initialization completed in 1904 ms
2022-12-08 12:03:08,380 INFO c.z.h.HikariDataSource [main] HikariPool-1 - Starting...
2022-12-08 12:03:08,750 INFO c.z.h.p.HikariPool [main] HikariPool-1 - Added connection conn0: url=jdbc:h2:mem:junit_db user=SA
2022-12-08 12:03:08,755 INFO c.z.h.HikariDataSource [main] HikariPool-1 - Start completed.
2022-12-08 12:03:08,774 INFO o.s.b.a.h.H2ConsoleAutoConfiguration [main] H2 console available at '/h2-console'. Database available at 'jdbc:h2:mem:junit_db'
2022-12-08 12:03:09,045 INFO o.h.j.i.u.LogHelper [main] HHH000204: Processing PersistenceUnitInfo [name: default]
2022-12-08 12:03:09,122 INFO o.h.Version [main] HHH000412: Hibernate ORM core version 6.1.5.Final
2022-12-08 12:03:09,364 WARN o.h.b.i.MetadataBuilderImpl$MetadataBuildingOptionsImpl [main] HHH90000021: Encountered deprecated setting [javax.persistence.sharedCache.mode], use [jakarta.persistence.sharedCache.mode] instead
2022-12-08 12:03:09,555 INFO o.h.e.j.d.i.DialectFactoryImpl [main] HHH000400: Using dialect: org.hibernate.dialect.H2Dialect
2022-12-08 12:03:10,468 INFO o.h.e.t.j.p.i.JtaPlatformInitiator [main] HHH000490: Using JtaPlatform implementation: [org.hibernate.engine.transaction.jta.platform.internal.NoJtaPlatform]
2022-12-08 12:03:10,486 INFO o.s.o.j.AbstractEntityManagerFactoryBean [main] Initialized JPA EntityManagerFactory for persistence unit 'default'
2022-12-08 12:03:10,931 WARN o.s.b.a.o.j.JpaBaseConfiguration$JpaWebConfiguration [main] spring.jpa.open-in-view is enabled by default. Therefore, database queries may be performed during view rendering. Explicitly configure spring.jpa.open-in-view to disable this warning
2022-12-08 12:03:11,569 INFO o.s.b.w.e.t.TomcatWebServer [main] Tomcat started on port(s): 9000 (http) with context path ''
2022-12-08 12:03:58,866 INFO o.a.j.l.DirectJDKLog [http-nio-9000-exec-2] Initializing Spring DispatcherServlet 'dispatcherServlet'
2022-12-08 12:03:58,866 INFO o.s.w.s.FrameworkServlet [http-nio-9000-exec-2] Initializing Servlet 'dispatcherServlet'
2022-12-08 12:03:58,868 INFO o.s.w.s.FrameworkServlet [http-nio-9000-exec-2] Completed initialization in 1 ms
2022-12-08 12:04:02,537 ERROR o.e.e.r.a.MyController [http-nio-9000-exec-2] test
2022-12-08 12:05:33,428 INFO o.s.o.j.AbstractEntityManagerFactoryBean [SpringApplicationShutdownHook] Closing JPA EntityManagerFactory for persistence unit 'default'
2022-12-08 12:05:33,429 INFO o.h.t.s.i.SchemaDropperImpl$DelayedDropActionImpl [SpringApplicationShutdownHook] HHH000477: Starting delayed evictData of schema as part of SessionFactory shut-down'
2022-12-08 12:08:39,041 INFO o.s.d.r.c.RepositoryConfigurationDelegate [main] Bootstrapping Spring Data JPA repositories in DEFAULT mode.
2022-12-08 12:08:39,108 INFO o.s.d.r.c.RepositoryConfigurationDelegate [main] Finished Spring Data repository scanning in 55 ms. Found 1 JPA repository interfaces.
2022-12-08 12:08:39,776 INFO o.s.b.w.e.t.TomcatWebServer [main] Tomcat initialized with port(s): 9000 (http)
2022-12-08 12:08:39,787 INFO o.a.j.l.DirectJDKLog [main] Starting service [Tomcat]
2022-12-08 12:08:39,788 INFO o.a.j.l.DirectJDKLog [main] Starting Servlet engine: [Apache Tomcat/10.1.1]
2022-12-08 12:08:39,887 INFO o.a.j.l.DirectJDKLog [main] Initializing Spring embedded WebApplicationContext
2022-12-08 12:08:39,890 INFO o.s.b.w.s.c.ServletWebServerApplicationContext [main] Root WebApplicationContext: initialization completed in 1538 ms
2022-12-08 12:08:39,935 INFO c.z.h.HikariDataSource [main] HikariPool-1 - Starting...
2022-12-08 12:08:40,192 INFO c.z.h.p.HikariPool [main] HikariPool-1 - Added connection conn0: url=jdbc:h2:mem:junit_db user=SA
2022-12-08 12:08:40,194 INFO c.z.h.HikariDataSource [main] HikariPool-1 - Start completed.
2022-12-08 12:08:40,210 INFO o.s.b.a.h.H2ConsoleAutoConfiguration [main] H2 console available at '/h2-console'. Database available at 'jdbc:h2:mem:junit_db'
2022-12-08 12:08:40,359 INFO o.h.j.i.u.LogHelper [main] HHH000204: Processing PersistenceUnitInfo [name: default]
2022-12-08 12:08:40,427 INFO o.h.Version [main] HHH000412: Hibernate ORM core version 6.1.5.Final
2022-12-08 12:08:40,598 WARN o.h.b.i.MetadataBuilderImpl$MetadataBuildingOptionsImpl [main] HHH90000021: Encountered deprecated setting [javax.persistence.sharedCache.mode], use [jakarta.persistence.sharedCache.mode] instead
2022-12-08 12:08:40,729 INFO o.h.e.j.d.i.DialectFactoryImpl [main] HHH000400: Using dialect: org.hibernate.dialect.H2Dialect
2022-12-08 12:08:41,429 INFO o.h.e.t.j.p.i.JtaPlatformInitiator [main] HHH000490: Using JtaPlatform implementation: [org.hibernate.engine.transaction.jta.platform.internal.NoJtaPlatform]
2022-12-08 12:08:41,437 INFO o.s.o.j.AbstractEntityManagerFactoryBean [main] Initialized JPA EntityManagerFactory for persistence unit 'default'
2022-12-08 12:08:41,805 WARN o.s.b.a.o.j.JpaBaseConfiguration$JpaWebConfiguration [main] spring.jpa.open-in-view is enabled by default. Therefore, database queries may be performed during view rendering. Explicitly configure spring.jpa.open-in-view to disable this warning
2022-12-08 12:08:42,202 INFO o.s.b.w.e.t.TomcatWebServer [main] Tomcat started on port(s): 9000 (http) with context path ''
2022-12-08 12:10:02,341 INFO o.s.o.j.AbstractEntityManagerFactoryBean [SpringApplicationShutdownHook] Closing JPA EntityManagerFactory for persistence unit 'default'
2022-12-08 12:10:02,342 INFO o.h.t.s.i.SchemaDropperImpl$DelayedDropActionImpl [SpringApplicationShutdownHook] HHH000477: Starting delayed evictData of schema as part of SessionFactory shut-down'
2022-12-08 12:10:08,610 INFO o.s.d.r.c.RepositoryConfigurationDelegate [main] Bootstrapping Spring Data JPA repositories in DEFAULT mode.
2022-12-08 12:10:08,680 INFO o.s.d.r.c.RepositoryConfigurationDelegate [main] Finished Spring Data repository scanning in 59 ms. Found 1 JPA repository interfaces.
2022-12-08 12:10:09,411 INFO o.s.b.w.e.t.TomcatWebServer [main] Tomcat initialized with port(s): 9000 (http)
2022-12-08 12:10:09,426 INFO o.a.j.l.DirectJDKLog [main] Starting service [Tomcat]
2022-12-08 12:10:09,427 INFO o.a.j.l.DirectJDKLog [main] Starting Servlet engine: [Apache Tomcat/10.1.1]
2022-12-08 12:10:09,532 INFO o.a.j.l.DirectJDKLog [main] Initializing Spring embedded WebApplicationContext
2022-12-08 12:10:09,535 INFO o.s.b.w.s.c.ServletWebServerApplicationContext [main] Root WebApplicationContext: initialization completed in 1609 ms
2022-12-08 12:10:09,581 INFO c.z.h.HikariDataSource [main] HikariPool-1 - Starting...
2022-12-08 12:10:09,794 INFO c.z.h.p.HikariPool [main] HikariPool-1 - Added connection conn0: url=jdbc:h2:mem:junit_db user=SA
2022-12-08 12:10:09,796 INFO c.z.h.HikariDataSource [main] HikariPool-1 - Start completed.
2022-12-08 12:10:09,808 INFO o.s.b.a.h.H2ConsoleAutoConfiguration [main] H2 console available at '/h2-console'. Database available at 'jdbc:h2:mem:junit_db'
2022-12-08 12:10:09,982 INFO o.h.j.i.u.LogHelper [main] HHH000204: Processing PersistenceUnitInfo [name: default]
2022-12-08 12:10:10,059 INFO o.h.Version [main] HHH000412: Hibernate ORM core version 6.1.5.Final
2022-12-08 12:10:10,227 WARN o.h.b.i.MetadataBuilderImpl$MetadataBuildingOptionsImpl [main] HHH90000021: Encountered deprecated setting [javax.persistence.sharedCache.mode], use [jakarta.persistence.sharedCache.mode] instead
2022-12-08 12:10:10,376 INFO o.h.e.j.d.i.DialectFactoryImpl [main] HHH000400: Using dialect: org.hibernate.dialect.H2Dialect
2022-12-08 12:10:11,100 INFO o.h.e.t.j.p.i.JtaPlatformInitiator [main] HHH000490: Using JtaPlatform implementation: [org.hibernate.engine.transaction.jta.platform.internal.NoJtaPlatform]
2022-12-08 12:10:11,107 INFO o.s.o.j.AbstractEntityManagerFactoryBean [main] Initialized JPA EntityManagerFactory for persistence unit 'default'
2022-12-08 12:10:11,470 WARN o.s.b.a.o.j.JpaBaseConfiguration$JpaWebConfiguration [main] spring.jpa.open-in-view is enabled by default. Therefore, database queries may be performed during view rendering. Explicitly configure spring.jpa.open-in-view to disable this warning
2022-12-08 12:10:11,836 INFO o.s.b.w.e.t.TomcatWebServer [main] Tomcat started on port(s): 9000 (http) with context path ''
2022-12-08 12:10:19,717 INFO o.s.o.j.AbstractEntityManagerFactoryBean [SpringApplicationShutdownHook] Closing JPA EntityManagerFactory for persistence unit 'default'
2022-12-08 12:10:19,718 INFO o.h.t.s.i.SchemaDropperImpl$DelayedDropActionImpl [SpringApplicationShutdownHook] HHH000477: Starting delayed evictData of schema as part of SessionFactory shut-down'
2022-12-08 12:10:24,229 INFO o.s.d.r.c.RepositoryConfigurationDelegate [main] Bootstrapping Spring Data JPA repositories in DEFAULT mode.
2022-12-08 12:10:24,302 INFO o.s.d.r.c.RepositoryConfigurationDelegate [main] Finished Spring Data repository scanning in 60 ms. Found 1 JPA repository interfaces.
2022-12-08 12:10:25,075 INFO o.s.b.w.e.t.TomcatWebServer [main] Tomcat initialized with port(s): 9000 (http)
2022-12-08 12:10:25,089 INFO o.a.j.l.DirectJDKLog [main] Starting service [Tomcat]
2022-12-08 12:10:25,090 INFO o.a.j.l.DirectJDKLog [main] Starting Servlet engine: [Apache Tomcat/10.1.1]
2022-12-08 12:10:25,220 INFO o.a.j.l.DirectJDKLog [main] Initializing Spring embedded WebApplicationContext
2022-12-08 12:10:25,223 INFO o.s.b.w.s.c.ServletWebServerApplicationContext [main] Root WebApplicationContext: initialization completed in 1780 ms
2022-12-08 12:10:25,271 INFO c.z.h.HikariDataSource [main] HikariPool-1 - Starting...
2022-12-08 12:10:25,502 INFO c.z.h.p.HikariPool [main] HikariPool-1 - Added connection conn0: url=jdbc:h2:mem:junit_db user=SA
2022-12-08 12:10:25,505 INFO c.z.h.HikariDataSource [main] HikariPool-1 - Start completed.
2022-12-08 12:10:25,520 INFO o.s.b.a.h.H2ConsoleAutoConfiguration [main] H2 console available at '/h2-console'. Database available at 'jdbc:h2:mem:junit_db'
2022-12-08 12:10:25,769 INFO o.h.j.i.u.LogHelper [main] HHH000204: Processing PersistenceUnitInfo [name: default]
2022-12-08 12:10:25,848 INFO o.h.Version [main] HHH000412: Hibernate ORM core version 6.1.5.Final
2022-12-08 12:10:26,072 WARN o.h.b.i.MetadataBuilderImpl$MetadataBuildingOptionsImpl [main] HHH90000021: Encountered deprecated setting [javax.persistence.sharedCache.mode], use [jakarta.persistence.sharedCache.mode] instead
2022-12-08 12:10:26,247 INFO o.h.e.j.d.i.DialectFactoryImpl [main] HHH000400: Using dialect: org.hibernate.dialect.H2Dialect
2022-12-08 12:10:27,169 INFO o.h.e.t.j.p.i.JtaPlatformInitiator [main] HHH000490: Using JtaPlatform implementation: [org.hibernate.engine.transaction.jta.platform.internal.NoJtaPlatform]
2022-12-08 12:10:27,177 INFO o.s.o.j.AbstractEntityManagerFactoryBean [main] Initialized JPA EntityManagerFactory for persistence unit 'default'
2022-12-08 12:10:27,585 WARN o.s.b.a.o.j.JpaBaseConfiguration$JpaWebConfiguration [main] spring.jpa.open-in-view is enabled by default. Therefore, database queries may be performed during view rendering. Explicitly configure spring.jpa.open-in-view to disable this warning
2022-12-08 12:10:28,048 INFO o.s.b.w.e.t.TomcatWebServer [main] Tomcat started on port(s): 9000 (http) with context path ''
2022-12-08 12:11:11,075 INFO o.s.o.j.AbstractEntityManagerFactoryBean [SpringApplicationShutdownHook] Closing JPA EntityManagerFactory for persistence unit 'default'
2022-12-08 12:11:11,077 INFO o.h.t.s.i.SchemaDropperImpl$DelayedDropActionImpl [SpringApplicationShutdownHook] HHH000477: Starting delayed evictData of schema as part of SessionFactory shut-down'
2022-12-08 12:12:03,649 INFO o.s.d.r.c.RepositoryConfigurationDelegate [main] Bootstrapping Spring Data JPA repositories in DEFAULT mode.
2022-12-08 12:12:03,714 INFO o.s.d.r.c.RepositoryConfigurationDelegate [main] Finished Spring Data repository scanning in 54 ms. Found 1 JPA repository interfaces.
2022-12-08 12:12:04,387 INFO o.s.b.w.e.t.TomcatWebServer [main] Tomcat initialized with port(s): 9000 (http)
2022-12-08 12:12:04,398 INFO o.a.j.l.DirectJDKLog [main] Starting service [Tomcat]
2022-12-08 12:12:04,398 INFO o.a.j.l.DirectJDKLog [main] Starting Servlet engine: [Apache Tomcat/10.1.1]
2022-12-08 12:12:04,497 INFO o.a.j.l.DirectJDKLog [main] Initializing Spring embedded WebApplicationContext
2022-12-08 12:12:04,499 INFO o.s.b.w.s.c.ServletWebServerApplicationContext [main] Root WebApplicationContext: initialization completed in 1570 ms
2022-12-08 12:12:04,534 INFO c.z.h.HikariDataSource [main] HikariPool-1 - Starting...
2022-12-08 12:12:04,733 INFO c.z.h.p.HikariPool [main] HikariPool-1 - Added connection conn0: url=jdbc:h2:mem:junit_db user=SA
2022-12-08 12:12:04,734 INFO c.z.h.HikariDataSource [main] HikariPool-1 - Start completed.
2022-12-08 12:12:04,746 INFO o.s.b.a.h.H2ConsoleAutoConfiguration [main] H2 console available at '/h2-console'. Database available at 'jdbc:h2:mem:junit_db'
2022-12-08 12:12:04,890 INFO o.h.j.i.u.LogHelper [main] HHH000204: Processing PersistenceUnitInfo [name: default]
2022-12-08 12:12:04,957 INFO o.h.Version [main] HHH000412: Hibernate ORM core version 6.1.5.Final
2022-12-08 12:12:05,133 WARN o.h.b.i.MetadataBuilderImpl$MetadataBuildingOptionsImpl [main] HHH90000021: Encountered deprecated setting [javax.persistence.sharedCache.mode], use [jakarta.persistence.sharedCache.mode] instead
2022-12-08 12:12:05,279 INFO o.h.e.j.d.i.DialectFactoryImpl [main] HHH000400: Using dialect: org.hibernate.dialect.H2Dialect
2022-12-08 12:12:05,959 INFO o.h.e.t.j.p.i.JtaPlatformInitiator [main] HHH000490: Using JtaPlatform implementation: [org.hibernate.engine.transaction.jta.platform.internal.NoJtaPlatform]
2022-12-08 12:12:05,965 INFO o.s.o.j.AbstractEntityManagerFactoryBean [main] Initialized JPA EntityManagerFactory for persistence unit 'default'
2022-12-08 12:12:06,271 WARN o.s.b.a.o.j.JpaBaseConfiguration$JpaWebConfiguration [main] spring.jpa.open-in-view is enabled by default. Therefore, database queries may be performed during view rendering. Explicitly configure spring.jpa.open-in-view to disable this warning
2022-12-08 12:12:06,623 INFO o.s.b.w.e.t.TomcatWebServer [main] Tomcat started on port(s): 9000 (http) with context path ''
2022-12-08 12:20:23,642 INFO o.s.o.j.AbstractEntityManagerFactoryBean [SpringApplicationShutdownHook] Closing JPA EntityManagerFactory for persistence unit 'default'
2022-12-08 12:20:23,643 INFO o.h.t.s.i.SchemaDropperImpl$DelayedDropActionImpl [SpringApplicationShutdownHook] HHH000477: Starting delayed evictData of schema as part of SessionFactory shut-down'
2022-12-08 12:20:31,814 INFO o.s.d.r.c.RepositoryConfigurationDelegate [main] Bootstrapping Spring Data JPA repositories in DEFAULT mode.
2022-12-08 12:20:31,903 INFO o.s.d.r.c.RepositoryConfigurationDelegate [main] Finished Spring Data repository scanning in 75 ms. Found 1 JPA repository interfaces.
2022-12-08 12:20:32,659 INFO o.s.b.w.e.t.TomcatWebServer [main] Tomcat initialized with port(s): 9000 (http)
2022-12-08 12:20:32,671 INFO o.a.j.l.DirectJDKLog [main] Starting service [Tomcat]
2022-12-08 12:20:32,673 INFO o.a.j.l.DirectJDKLog [main] Starting Servlet engine: [Apache Tomcat/10.1.1]
2022-12-08 12:20:32,792 INFO o.a.j.l.DirectJDKLog [main] Initializing Spring embedded WebApplicationContext
2022-12-08 12:20:32,795 INFO o.s.b.w.s.c.ServletWebServerApplicationContext [main] Root WebApplicationContext: initialization completed in 1765 ms
2022-12-08 12:20:32,834 INFO c.z.h.HikariDataSource [main] HikariPool-1 - Starting...
2022-12-08 12:20:33,063 INFO c.z.h.p.HikariPool [main] HikariPool-1 - Added connection conn0: url=jdbc:h2:mem:junit_db user=SA
2022-12-08 12:20:33,065 INFO c.z.h.HikariDataSource [main] HikariPool-1 - Start completed.
2022-12-08 12:20:33,078 INFO o.s.b.a.h.H2ConsoleAutoConfiguration [main] H2 console available at '/h2-console'. Database available at 'jdbc:h2:mem:junit_db'
2022-12-08 12:20:33,232 INFO o.h.j.i.u.LogHelper [main] HHH000204: Processing PersistenceUnitInfo [name: default]
2022-12-08 12:20:33,318 INFO o.h.Version [main] HHH000412: Hibernate ORM core version 6.1.5.Final
2022-12-08 12:20:33,541 WARN o.h.b.i.MetadataBuilderImpl$MetadataBuildingOptionsImpl [main] HHH90000021: Encountered deprecated setting [javax.persistence.sharedCache.mode], use [jakarta.persistence.sharedCache.mode] instead
2022-12-08 12:20:33,730 INFO o.h.e.j.d.i.DialectFactoryImpl [main] HHH000400: Using dialect: org.hibernate.dialect.H2Dialect
2022-12-08 12:20:34,499 INFO o.h.e.t.j.p.i.JtaPlatformInitiator [main] HHH000490: Using JtaPlatform implementation: [org.hibernate.engine.transaction.jta.platform.internal.NoJtaPlatform]
2022-12-08 12:20:34,505 INFO o.s.o.j.AbstractEntityManagerFactoryBean [main] Initialized JPA EntityManagerFactory for persistence unit 'default'
2022-12-08 12:20:34,844 WARN o.s.b.a.o.j.JpaBaseConfiguration$JpaWebConfiguration [main] spring.jpa.open-in-view is enabled by default. Therefore, database queries may be performed during view rendering. Explicitly configure spring.jpa.open-in-view to disable this warning
2022-12-08 12:20:35,214 INFO o.s.b.w.e.t.TomcatWebServer [main] Tomcat started on port(s): 9000 (http) with context path ''
2022-12-08 12:22:29,949 INFO o.s.o.j.AbstractEntityManagerFactoryBean [SpringApplicationShutdownHook] Closing JPA EntityManagerFactory for persistence unit 'default'
2022-12-08 12:22:29,950 INFO o.h.t.s.i.SchemaDropperImpl$DelayedDropActionImpl [SpringApplicationShutdownHook] HHH000477: Starting delayed evictData of schema as part of SessionFactory shut-down'
2022-12-08 12:24:40,305 INFO o.s.d.r.c.RepositoryConfigurationDelegate [main] Bootstrapping Spring Data JPA repositories in DEFAULT mode.
2022-12-08 12:24:40,382 INFO o.s.d.r.c.RepositoryConfigurationDelegate [main] Finished Spring Data repository scanning in 55 ms. Found 1 JPA repository interfaces.
2022-12-08 12:24:41,150 INFO o.s.b.w.e.t.TomcatWebServer [main] Tomcat initialized with port(s): 9000 (http)
2022-12-08 12:24:41,164 INFO o.a.j.l.DirectJDKLog [main] Starting service [Tomcat]
2022-12-08 12:24:41,165 INFO o.a.j.l.DirectJDKLog [main] Starting Servlet engine: [Apache Tomcat/10.1.1]
2022-12-08 12:24:41,300 INFO o.a.j.l.DirectJDKLog [main] Initializing Spring embedded WebApplicationContext
2022-12-08 12:24:41,304 INFO o.s.b.w.s.c.ServletWebServerApplicationContext [main] Root WebApplicationContext: initialization completed in 1739 ms
2022-12-08 12:24:41,347 INFO c.z.h.HikariDataSource [main] HikariPool-1 - Starting...
2022-12-08 12:24:41,599 INFO c.z.h.p.HikariPool [main] HikariPool-1 - Added connection conn0: url=jdbc:h2:mem:junit_db user=SA
2022-12-08 12:24:41,601 INFO c.z.h.HikariDataSource [main] HikariPool-1 - Start completed.
2022-12-08 12:24:41,615 INFO o.s.b.a.h.H2ConsoleAutoConfiguration [main] H2 console available at '/h2-console'. Database available at 'jdbc:h2:mem:junit_db'
2022-12-08 12:24:41,812 INFO o.h.j.i.u.LogHelper [main] HHH000204: Processing PersistenceUnitInfo [name: default]
2022-12-08 12:24:41,878 INFO o.h.Version [main] HHH000412: Hibernate ORM core version 6.1.5.Final
2022-12-08 12:24:42,078 WARN o.h.b.i.MetadataBuilderImpl$MetadataBuildingOptionsImpl [main] HHH90000021: Encountered deprecated setting [javax.persistence.sharedCache.mode], use [jakarta.persistence.sharedCache.mode] instead
2022-12-08 12:24:42,238 INFO o.h.e.j.d.i.DialectFactoryImpl [main] HHH000400: Using dialect: org.hibernate.dialect.H2Dialect
2022-12-08 12:24:43,058 INFO o.h.e.t.j.p.i.JtaPlatformInitiator [main] HHH000490: Using JtaPlatform implementation: [org.hibernate.engine.transaction.jta.platform.internal.NoJtaPlatform]
2022-12-08 12:24:43,070 INFO o.s.o.j.AbstractEntityManagerFactoryBean [main] Initialized JPA EntityManagerFactory for persistence unit 'default'
2022-12-08 12:24:43,455 WARN o.s.b.a.o.j.JpaBaseConfiguration$JpaWebConfiguration [main] spring.jpa.open-in-view is enabled by default. Therefore, database queries may be performed during view rendering. Explicitly configure spring.jpa.open-in-view to disable this warning
2022-12-08 12:24:43,880 INFO o.s.b.w.e.t.TomcatWebServer [main] Tomcat started on port(s): 9000 (http) with context path ''
2022-12-08 12:25:55,024 INFO o.a.j.l.DirectJDKLog [http-nio-9000-exec-2] Initializing Spring DispatcherServlet 'dispatcherServlet'
2022-12-08 12:25:55,025 INFO o.s.w.s.FrameworkServlet [http-nio-9000-exec-2] Initializing Servlet 'dispatcherServlet'
2022-12-08 12:25:55,026 INFO o.s.w.s.FrameworkServlet [http-nio-9000-exec-2] Completed initialization in 1 ms
2022-12-08 12:25:55,069 ERROR o.e.e.r.a.MyController [http-nio-9000-exec-2] test
2022-12-08 12:26:03,136 ERROR o.e.e.r.a.MyController [http-nio-9000-exec-3] test
2022-12-08 12:26:11,724 INFO o.s.o.j.AbstractEntityManagerFactoryBean [SpringApplicationShutdownHook] Closing JPA EntityManagerFactory for persistence unit 'default'
2022-12-08 12:26:11,725 INFO o.h.t.s.i.SchemaDropperImpl$DelayedDropActionImpl [SpringApplicationShutdownHook] HHH000477: Starting delayed evictData of schema as part of SessionFactory shut-down'
2022-12-08 12:26:16,151 INFO o.s.d.r.c.RepositoryConfigurationDelegate [main] Bootstrapping Spring Data JPA repositories in DEFAULT mode.
2022-12-08 12:26:16,213 INFO o.s.d.r.c.RepositoryConfigurationDelegate [main] Finished Spring Data repository scanning in 51 ms. Found 1 JPA repository interfaces.
2022-12-08 12:26:17,065 INFO o.s.b.w.e.t.TomcatWebServer [main] Tomcat initialized with port(s): 9000 (http)
2022-12-08 12:26:17,087 INFO o.a.j.l.DirectJDKLog [main] Starting service [Tomcat]
2022-12-08 12:26:17,088 INFO o.a.j.l.DirectJDKLog [main] Starting Servlet engine: [Apache Tomcat/10.1.1]
2022-12-08 12:26:17,289 INFO o.a.j.l.DirectJDKLog [main] Initializing Spring embedded WebApplicationContext
2022-12-08 12:26:17,292 INFO o.s.b.w.s.c.ServletWebServerApplicationContext [main] Root WebApplicationContext: initialization completed in 1867 ms
2022-12-08 12:26:17,340 INFO c.z.h.HikariDataSource [main] HikariPool-1 - Starting...
2022-12-08 12:26:17,559 INFO c.z.h.p.HikariPool [main] HikariPool-1 - Added connection conn0: url=jdbc:h2:mem:junit_db user=SA
2022-12-08 12:26:17,563 INFO c.z.h.HikariDataSource [main] HikariPool-1 - Start completed.
2022-12-08 12:26:17,588 INFO o.s.b.a.h.H2ConsoleAutoConfiguration [main] H2 console available at '/h2-console'. Database available at 'jdbc:h2:mem:junit_db'
2022-12-08 12:26:17,814 INFO o.h.j.i.u.LogHelper [main] HHH000204: Processing PersistenceUnitInfo [name: default]
2022-12-08 12:26:17,877 INFO o.h.Version [main] HHH000412: Hibernate ORM core version 6.1.5.Final
2022-12-08 12:26:18,115 WARN o.h.b.i.MetadataBuilderImpl$MetadataBuildingOptionsImpl [main] HHH90000021: Encountered deprecated setting [javax.persistence.sharedCache.mode], use [jakarta.persistence.sharedCache.mode] instead
2022-12-08 12:26:18,370 INFO o.h.e.j.d.i.DialectFactoryImpl [main] HHH000400: Using dialect: org.hibernate.dialect.H2Dialect
2022-12-08 12:26:19,174 INFO o.h.e.t.j.p.i.JtaPlatformInitiator [main] HHH000490: Using JtaPlatform implementation: [org.hibernate.engine.transaction.jta.platform.internal.NoJtaPlatform]
2022-12-08 12:26:19,184 INFO o.s.o.j.AbstractEntityManagerFactoryBean [main] Initialized JPA EntityManagerFactory for persistence unit 'default'
2022-12-08 12:26:19,627 WARN o.s.b.a.o.j.JpaBaseConfiguration$JpaWebConfiguration [main] spring.jpa.open-in-view is enabled by default. Therefore, database queries may be performed during view rendering. Explicitly configure spring.jpa.open-in-view to disable this warning
2022-12-08 12:26:20,064 INFO o.s.b.w.e.t.TomcatWebServer [main] Tomcat started on port(s): 9000 (http) with context path ''
2022-12-08 12:26:24,305 INFO o.a.j.l.DirectJDKLog [http-nio-9000-exec-2] Initializing Spring DispatcherServlet 'dispatcherServlet'
2022-12-08 12:26:24,306 INFO o.s.w.s.FrameworkServlet [http-nio-9000-exec-2] Initializing Servlet 'dispatcherServlet'
2022-12-08 12:26:24,310 INFO o.s.w.s.FrameworkServlet [http-nio-9000-exec-2] Completed initialization in 1 ms
2022-12-08 12:26:24,356 ERROR o.e.e.r.a.MyController [http-nio-9000-exec-2] test
2022-12-08 12:26:31,276 ERROR o.e.e.r.a.MyController [http-nio-9000-exec-3] test
2022-12-08 12:26:37,713 ERROR o.e.e.r.a.MyController [http-nio-9000-exec-4] test
2022-12-08 12:26:43,912 ERROR o.e.e.r.a.MyController [http-nio-9000-exec-5] test
2022-12-08 12:26:49,781 ERROR o.e.e.r.a.MyController [http-nio-9000-exec-6] test
2022-12-08 12:28:52,099 INFO o.s.o.j.AbstractEntityManagerFactoryBean [SpringApplicationShutdownHook] Closing JPA EntityManagerFactory for persistence unit 'default'
2022-12-08 12:28:52,100 INFO o.h.t.s.i.SchemaDropperImpl$DelayedDropActionImpl [SpringApplicationShutdownHook] HHH000477: Starting delayed evictData of schema as part of SessionFactory shut-down'
2022-12-08 12:29:24,753 INFO o.s.d.r.c.RepositoryConfigurationDelegate [main] Bootstrapping Spring Data JPA repositories in DEFAULT mode.
2022-12-08 12:29:24,824 INFO o.s.d.r.c.RepositoryConfigurationDelegate [main] Finished Spring Data repository scanning in 59 ms. Found 1 JPA repository interfaces.
2022-12-08 12:29:25,618 INFO o.s.b.w.e.t.TomcatWebServer [main] Tomcat initialized with port(s): 9000 (http)
2022-12-08 12:29:25,631 INFO o.a.j.l.DirectJDKLog [main] Starting service [Tomcat]
2022-12-08 12:29:25,632 INFO o.a.j.l.DirectJDKLog [main] Starting Servlet engine: [Apache Tomcat/10.1.1]
2022-12-08 12:29:25,770 INFO o.a.j.l.DirectJDKLog [main] Initializing Spring embedded WebApplicationContext
2022-12-08 12:29:25,773 INFO o.s.b.w.s.c.ServletWebServerApplicationContext [main] Root WebApplicationContext: initialization completed in 1808 ms
2022-12-08 12:29:25,817 INFO c.z.h.HikariDataSource [main] HikariPool-1 - Starting...
2022-12-08 12:29:26,021 INFO c.z.h.p.HikariPool [main] HikariPool-1 - Added connection conn0: url=jdbc:h2:mem:junit_db user=SA
2022-12-08 12:29:26,023 INFO c.z.h.HikariDataSource [main] HikariPool-1 - Start completed.
2022-12-08 12:29:26,037 INFO o.s.b.a.h.H2ConsoleAutoConfiguration [main] H2 console available at '/h2-console'. Database available at 'jdbc:h2:mem:junit_db'
2022-12-08 12:29:26,220 INFO o.h.j.i.u.LogHelper [main] HHH000204: Processing PersistenceUnitInfo [name: default]
2022-12-08 12:29:26,303 INFO o.h.Version [main] HHH000412: Hibernate ORM core version 6.1.5.Final
2022-12-08 12:29:26,481 WARN o.h.b.i.MetadataBuilderImpl$MetadataBuildingOptionsImpl [main] HHH90000021: Encountered deprecated setting [javax.persistence.sharedCache.mode], use [jakarta.persistence.sharedCache.mode] instead
2022-12-08 12:29:26,629 INFO o.h.e.j.d.i.DialectFactoryImpl [main] HHH000400: Using dialect: org.hibernate.dialect.H2Dialect
2022-12-08 12:29:27,394 INFO o.h.e.t.j.p.i.JtaPlatformInitiator [main] HHH000490: Using JtaPlatform implementation: [org.hibernate.engine.transaction.jta.platform.internal.NoJtaPlatform]
2022-12-08 12:29:27,402 INFO o.s.o.j.AbstractEntityManagerFactoryBean [main] Initialized JPA EntityManagerFactory for persistence unit 'default'
2022-12-08 12:29:27,792 WARN o.s.b.a.o.j.JpaBaseConfiguration$JpaWebConfiguration [main] spring.jpa.open-in-view is enabled by default. Therefore, database queries may be performed during view rendering. Explicitly configure spring.jpa.open-in-view to disable this warning
2022-12-08 12:29:28,218 INFO o.s.b.w.e.t.TomcatWebServer [main] Tomcat started on port(s): 9000 (http) with context path ''
2022-12-08 12:29:56,373 INFO o.a.j.l.DirectJDKLog [http-nio-9000-exec-2] Initializing Spring DispatcherServlet 'dispatcherServlet'
2022-12-08 12:29:56,373 INFO o.s.w.s.FrameworkServlet [http-nio-9000-exec-2] Initializing Servlet 'dispatcherServlet'
2022-12-08 12:29:56,375 INFO o.s.w.s.FrameworkServlet [http-nio-9000-exec-2] Completed initialization in 2 ms
2022-12-08 12:29:56,404 ERROR o.e.e.r.a.MyController [http-nio-9000-exec-2] test
2022-12-08 12:30:01,973 ERROR o.e.e.r.a.MyController [http-nio-9000-exec-2] test
2022-12-08 12:30:06,935 ERROR o.e.e.r.a.MyController [http-nio-9000-exec-2] test
2022-12-08 12:30:11,920 ERROR o.e.e.r.a.MyController [http-nio-9000-exec-2] test
2022-12-08 12:33:26,767 INFO o.s.d.r.c.RepositoryConfigurationDelegate [main] Bootstrapping Spring Data JPA repositories in DEFAULT mode.
2022-12-08 12:33:26,828 INFO o.s.d.r.c.RepositoryConfigurationDelegate [main] Finished Spring Data repository scanning in 49 ms. Found 1 JPA repository interfaces.
2022-12-08 12:33:27,564 INFO o.s.b.w.e.t.TomcatWebServer [main] Tomcat initialized with port(s): 9000 (http)
2022-12-08 12:33:27,577 INFO o.a.j.l.DirectJDKLog [main] Starting service [Tomcat]
2022-12-08 12:33:27,578 INFO o.a.j.l.DirectJDKLog [main] Starting Servlet engine: [Apache Tomcat/10.1.1]
2022-12-08 12:33:27,697 INFO o.a.j.l.DirectJDKLog [main] Initializing Spring embedded WebApplicationContext
2022-12-08 12:33:27,700 INFO o.s.b.w.s.c.ServletWebServerApplicationContext [main] Root WebApplicationContext: initialization completed in 1689 ms
2022-12-08 12:33:27,735 INFO c.z.h.HikariDataSource [main] HikariPool-1 - Starting...
2022-12-08 12:33:27,999 INFO c.z.h.p.HikariPool [main] HikariPool-1 - Added connection conn0: url=jdbc:h2:mem:junit_db user=SA
2022-12-08 12:33:28,002 INFO c.z.h.HikariDataSource [main] HikariPool-1 - Start completed.
2022-12-08 12:33:28,018 INFO o.s.b.a.h.H2ConsoleAutoConfiguration [main] H2 console available at '/h2-console'. Database available at 'jdbc:h2:mem:junit_db'
2022-12-08 12:33:28,200 INFO o.h.j.i.u.LogHelper [main] HHH000204: Processing PersistenceUnitInfo [name: default]
2022-12-08 12:33:28,278 INFO o.h.Version [main] HHH000412: Hibernate ORM core version 6.1.5.Final
2022-12-08 12:33:28,490 WARN o.h.b.i.MetadataBuilderImpl$MetadataBuildingOptionsImpl [main] HHH90000021: Encountered deprecated setting [javax.persistence.sharedCache.mode], use [jakarta.persistence.sharedCache.mode] instead
2022-12-08 12:33:28,657 INFO o.h.e.j.d.i.DialectFactoryImpl [main] HHH000400: Using dialect: org.hibernate.dialect.H2Dialect
2022-12-08 12:33:29,483 INFO o.h.e.t.j.p.i.JtaPlatformInitiator [main] HHH000490: Using JtaPlatform implementation: [org.hibernate.engine.transaction.jta.platform.internal.NoJtaPlatform]
2022-12-08 12:33:29,492 INFO o.s.o.j.AbstractEntityManagerFactoryBean [main] Initialized JPA EntityManagerFactory for persistence unit 'default'
2022-12-08 12:33:29,873 WARN o.s.b.a.o.j.JpaBaseConfiguration$JpaWebConfiguration [main] spring.jpa.open-in-view is enabled by default. Therefore, database queries may be performed during view rendering. Explicitly configure spring.jpa.open-in-view to disable this warning
2022-12-08 12:33:30,292 INFO o.s.b.w.e.t.TomcatWebServer [main] Tomcat started on port(s): 9000 (http) with context path ''
2022-12-08 12:35:16,576 INFO o.s.o.j.AbstractEntityManagerFactoryBean [SpringApplicationShutdownHook] Closing JPA EntityManagerFactory for persistence unit 'default'
2022-12-08 12:35:16,577 INFO o.h.t.s.i.SchemaDropperImpl$DelayedDropActionImpl [SpringApplicationShutdownHook] HHH000477: Starting delayed evictData of schema as part of SessionFactory shut-down'
2022-12-08 12:35:23,275 INFO o.s.d.r.c.RepositoryConfigurationDelegate [main] Bootstrapping Spring Data JPA repositories in DEFAULT mode.
2022-12-08 12:35:23,339 INFO o.s.d.r.c.RepositoryConfigurationDelegate [main] Finished Spring Data repository scanning in 49 ms. Found 1 JPA repository interfaces.
2022-12-08 12:35:24,082 INFO o.s.b.w.e.t.TomcatWebServer [main] Tomcat initialized with port(s): 9000 (http)
2022-12-08 12:35:24,094 INFO o.a.j.l.DirectJDKLog [main] Starting service [Tomcat]
2022-12-08 12:35:24,094 INFO o.a.j.l.DirectJDKLog [main] Starting Servlet engine: [Apache Tomcat/10.1.1]
2022-12-08 12:35:24,222 INFO o.a.j.l.DirectJDKLog [main] Initializing Spring embedded WebApplicationContext
2022-12-08 12:35:24,225 INFO o.s.b.w.s.c.ServletWebServerApplicationContext [main] Root WebApplicationContext: initialization completed in 1739 ms
2022-12-08 12:35:24,273 INFO c.z.h.HikariDataSource [main] HikariPool-1 - Starting...
2022-12-08 12:35:24,527 INFO c.z.h.p.HikariPool [main] HikariPool-1 - Added connection conn0: url=jdbc:h2:mem:junit_db user=SA
2022-12-08 12:35:24,530 INFO c.z.h.HikariDataSource [main] HikariPool-1 - Start completed.
2022-12-08 12:35:24,544 INFO o.s.b.a.h.H2ConsoleAutoConfiguration [main] H2 console available at '/h2-console'. Database available at 'jdbc:h2:mem:junit_db'
2022-12-08 12:35:24,758 INFO o.h.j.i.u.LogHelper [main] HHH000204: Processing PersistenceUnitInfo [name: default]
2022-12-08 12:35:24,823 INFO o.h.Version [main] HHH000412: Hibernate ORM core version 6.1.5.Final
2022-12-08 12:35:25,021 WARN o.h.b.i.MetadataBuilderImpl$MetadataBuildingOptionsImpl [main] HHH90000021: Encountered deprecated setting [javax.persistence.sharedCache.mode], use [jakarta.persistence.sharedCache.mode] instead
2022-12-08 12:35:25,194 INFO o.h.e.j.d.i.DialectFactoryImpl [main] HHH000400: Using dialect: org.hibernate.dialect.H2Dialect
2022-12-08 12:35:26,078 INFO o.h.e.t.j.p.i.JtaPlatformInitiator [main] HHH000490: Using JtaPlatform implementation: [org.hibernate.engine.transaction.jta.platform.internal.NoJtaPlatform]
2022-12-08 12:35:26,091 INFO o.s.o.j.AbstractEntityManagerFactoryBean [main] Initialized JPA EntityManagerFactory for persistence unit 'default'
2022-12-08 12:36:21,474 WARN c.z.h.p.HikariPool$HouseKeeper [HikariPool-1 housekeeper] HikariPool-1 - Thread starvation or clock leap detected (housekeeper delta=56s832ms660s900ns).
2022-12-08 12:36:21,529 WARN o.s.b.a.o.j.JpaBaseConfiguration$JpaWebConfiguration [main] spring.jpa.open-in-view is enabled by default. Therefore, database queries may be performed during view rendering. Explicitly configure spring.jpa.open-in-view to disable this warning
2022-12-08 12:36:22,028 INFO o.s.b.w.e.t.TomcatWebServer [main] Tomcat started on port(s): 9000 (http) with context path ''
2022-12-08 12:38:13,207 INFO o.s.o.j.AbstractEntityManagerFactoryBean [SpringApplicationShutdownHook] Closing JPA EntityManagerFactory for persistence unit 'default'
2022-12-08 12:38:13,208 INFO o.h.t.s.i.SchemaDropperImpl$DelayedDropActionImpl [SpringApplicationShutdownHook] HHH000477: Starting delayed evictData of schema as part of SessionFactory shut-down'
2022-12-08 12:51:33,658 INFO o.s.d.r.c.RepositoryConfigurationDelegate [main] Bootstrapping Spring Data JPA repositories in DEFAULT mode.
2022-12-08 12:51:33,755 INFO o.s.d.r.c.RepositoryConfigurationDelegate [main] Finished Spring Data repository scanning in 80 ms. Found 1 JPA repository interfaces.
2022-12-08 12:51:34,793 INFO o.s.b.w.e.t.TomcatWebServer [main] Tomcat initialized with port(s): 9000 (http)
2022-12-08 12:51:34,814 INFO o.a.j.l.DirectJDKLog [main] Starting service [Tomcat]
2022-12-08 12:51:34,815 INFO o.a.j.l.DirectJDKLog [main] Starting Servlet engine: [Apache Tomcat/10.1.1]
2022-12-08 12:51:34,972 INFO o.a.j.l.DirectJDKLog [main] Initializing Spring embedded WebApplicationContext
2022-12-08 12:51:34,975 INFO o.s.b.w.s.c.ServletWebServerApplicationContext [main] Root WebApplicationContext: initialization completed in 2090 ms
2022-12-08 12:51:35,029 INFO c.z.h.HikariDataSource [main] HikariPool-1 - Starting...
2022-12-08 12:51:35,272 INFO c.z.h.p.HikariPool [main] HikariPool-1 - Added connection conn0: url=jdbc:h2:mem:junit_db user=SA
2022-12-08 12:51:35,276 INFO c.z.h.HikariDataSource [main] HikariPool-1 - Start completed.
2022-12-08 12:51:35,293 INFO o.s.b.a.h.H2ConsoleAutoConfiguration [main] H2 console available at '/h2-console'. Database available at 'jdbc:h2:mem:junit_db'
2022-12-08 12:51:35,490 INFO o.h.j.i.u.LogHelper [main] HHH000204: Processing PersistenceUnitInfo [name: default]
2022-12-08 12:51:35,583 INFO o.h.Version [main] HHH000412: Hibernate ORM core version 6.1.5.Final
2022-12-08 12:51:35,871 WARN o.h.b.i.MetadataBuilderImpl$MetadataBuildingOptionsImpl [main] HHH90000021: Encountered deprecated setting [javax.persistence.sharedCache.mode], use [jakarta.persistence.sharedCache.mode] instead
2022-12-08 12:51:36,068 INFO o.h.e.j.d.i.DialectFactoryImpl [main] HHH000400: Using dialect: org.hibernate.dialect.H2Dialect
2022-12-08 12:51:36,921 INFO o.h.e.t.j.p.i.JtaPlatformInitiator [main] HHH000490: Using JtaPlatform implementation: [org.hibernate.engine.transaction.jta.platform.internal.NoJtaPlatform]
2022-12-08 12:51:36,929 INFO o.s.o.j.AbstractEntityManagerFactoryBean [main] Initialized JPA EntityManagerFactory for persistence unit 'default'
2022-12-08 12:52:00,752 WARN o.s.b.a.o.j.JpaBaseConfiguration$JpaWebConfiguration [main] spring.jpa.open-in-view is enabled by default. Therefore, database queries may be performed during view rendering. Explicitly configure spring.jpa.open-in-view to disable this warning
2022-12-08 12:52:01,235 INFO o.s.b.w.e.t.TomcatWebServer [main] Tomcat started on port(s): 9000 (http) with context path ''
2022-12-08 12:53:59,428 INFO o.a.j.l.DirectJDKLog [http-nio-9000-exec-3] Initializing Spring DispatcherServlet 'dispatcherServlet'
2022-12-08 12:53:59,428 INFO o.s.w.s.FrameworkServlet [http-nio-9000-exec-3] Initializing Servlet 'dispatcherServlet'
2022-12-08 12:53:59,430 INFO o.s.w.s.FrameworkServlet [http-nio-9000-exec-3] Completed initialization in 1 ms
2022-12-08 12:53:59,479 ERROR o.e.e.r.a.MyController [http-nio-9000-exec-3] test
2022-12-08 12:53:59,482 ERROR o.e.e.r.a.MyController [http-nio-9000-exec-3] test
2022-12-08 12:53:59,483 ERROR o.e.e.r.a.MyController [http-nio-9000-exec-3] test
2022-12-08 13:34:24,262 INFO o.s.d.r.c.RepositoryConfigurationDelegate [main] Bootstrapping Spring Data JPA repositories in DEFAULT mode.
2022-12-08 13:34:24,332 INFO o.s.d.r.c.RepositoryConfigurationDelegate [main] Finished Spring Data repository scanning in 56 ms. Found 1 JPA repository interfaces.
2022-12-08 13:34:25,165 INFO o.s.b.w.e.t.TomcatWebServer [main] Tomcat initialized with port(s): 9000 (http)
2022-12-08 13:34:25,182 INFO o.a.j.l.DirectJDKLog [main] Starting service [Tomcat]
2022-12-08 13:34:25,183 INFO o.a.j.l.DirectJDKLog [main] Starting Servlet engine: [Apache Tomcat/10.1.1]
2022-12-08 13:34:25,314 INFO o.a.j.l.DirectJDKLog [main] Initializing Spring embedded WebApplicationContext
2022-12-08 13:34:25,317 INFO o.s.b.w.s.c.ServletWebServerApplicationContext [main] Root WebApplicationContext: initialization completed in 1785 ms
2022-12-08 13:34:25,359 INFO c.z.h.HikariDataSource [main] HikariPool-1 - Starting...
2022-12-08 13:34:25,641 INFO c.z.h.p.HikariPool [main] HikariPool-1 - Added connection conn0: url=jdbc:h2:mem:junit_db user=SA
2022-12-08 13:34:25,643 INFO c.z.h.HikariDataSource [main] HikariPool-1 - Start completed.
2022-12-08 13:34:25,658 INFO o.s.b.a.h.H2ConsoleAutoConfiguration [main] H2 console available at '/h2-console'. Database available at 'jdbc:h2:mem:junit_db'
2022-12-08 13:34:25,866 INFO o.h.j.i.u.LogHelper [main] HHH000204: Processing PersistenceUnitInfo [name: default]
2022-12-08 13:34:25,950 INFO o.h.Version [main] HHH000412: Hibernate ORM core version 6.1.5.Final
2022-12-08 13:34:26,187 WARN o.h.b.i.MetadataBuilderImpl$MetadataBuildingOptionsImpl [main] HHH90000021: Encountered deprecated setting [javax.persistence.sharedCache.mode], use [jakarta.persistence.sharedCache.mode] instead
2022-12-08 13:34:26,391 INFO o.h.e.j.d.i.DialectFactoryImpl [main] HHH000400: Using dialect: org.hibernate.dialect.H2Dialect
2022-12-08 13:34:27,320 INFO o.h.e.t.j.p.i.JtaPlatformInitiator [main] HHH000490: Using JtaPlatform implementation: [org.hibernate.engine.transaction.jta.platform.internal.NoJtaPlatform]
2022-12-08 13:34:27,332 INFO o.s.o.j.AbstractEntityManagerFactoryBean [main] Initialized JPA EntityManagerFactory for persistence unit 'default'
2022-12-08 13:34:27,876 WARN o.s.b.a.o.j.JpaBaseConfiguration$JpaWebConfiguration [main] spring.jpa.open-in-view is enabled by default. Therefore, database queries may be performed during view rendering. Explicitly configure spring.jpa.open-in-view to disable this warning
2022-12-08 13:34:28,374 INFO o.s.b.w.e.t.TomcatWebServer [main] Tomcat started on port(s): 9000 (http) with context path ''
2022-12-08 13:35:34,584 INFO o.a.j.l.DirectJDKLog [http-nio-9000-exec-2] Initializing Spring DispatcherServlet 'dispatcherServlet'
2022-12-08 13:35:34,585 INFO o.s.w.s.FrameworkServlet [http-nio-9000-exec-2] Initializing Servlet 'dispatcherServlet'
2022-12-08 13:35:34,586 INFO o.s.w.s.FrameworkServlet [http-nio-9000-exec-2] Completed initialization in 1 ms
2022-12-08 13:35:34,624 ERROR o.e.e.r.a.MyController [http-nio-9000-exec-2] test
2022-12-08 13:35:34,627 ERROR o.e.e.r.a.MyController [http-nio-9000-exec-2] test
2022-12-08 13:35:34,628 ERROR o.e.e.r.a.MyController [http-nio-9000-exec-2] test
2022-12-08 13:36:33,844 INFO o.s.o.j.AbstractEntityManagerFactoryBean [SpringApplicationShutdownHook] Closing JPA EntityManagerFactory for persistence unit 'default'
2022-12-08 13:36:33,845 INFO o.h.t.s.i.SchemaDropperImpl$DelayedDropActionImpl [SpringApplicationShutdownHook] HHH000477: Starting delayed evictData of schema as part of SessionFactory shut-down'
2022-12-08 13:36:48,361 INFO o.s.d.r.c.RepositoryConfigurationDelegate [main] Bootstrapping Spring Data JPA repositories in DEFAULT mode.
2022-12-08 13:36:48,420 INFO o.s.d.r.c.RepositoryConfigurationDelegate [main] Finished Spring Data repository scanning in 47 ms. Found 1 JPA repository interfaces.
2022-12-08 13:36:49,018 INFO o.s.b.w.e.t.TomcatWebServer [main] Tomcat initialized with port(s): 9000 (http)
2022-12-08 13:36:49,029 INFO o.a.j.l.DirectJDKLog [main] Starting service [Tomcat]
2022-12-08 13:36:49,030 INFO o.a.j.l.DirectJDKLog [main] Starting Servlet engine: [Apache Tomcat/10.1.1]
2022-12-08 13:36:49,122 INFO o.a.j.l.DirectJDKLog [main] Initializing Spring embedded WebApplicationContext
2022-12-08 13:36:49,124 INFO o.s.b.w.s.c.ServletWebServerApplicationContext [main] Root WebApplicationContext: initialization completed in 1412 ms
2022-12-08 13:36:49,158 INFO c.z.h.HikariDataSource [main] HikariPool-1 - Starting...
2022-12-08 13:36:49,371 INFO c.z.h.p.HikariPool [main] HikariPool-1 - Added connection conn0: url=jdbc:h2:mem:junit_db user=SA
2022-12-08 13:36:49,373 INFO c.z.h.HikariDataSource [main] HikariPool-1 - Start completed.
2022-12-08 13:36:49,385 INFO o.s.b.a.h.H2ConsoleAutoConfiguration [main] H2 console available at '/h2-console'. Database available at 'jdbc:h2:mem:junit_db'
2022-12-08 13:36:49,536 INFO o.h.j.i.u.LogHelper [main] HHH000204: Processing PersistenceUnitInfo [name: default]
2022-12-08 13:36:49,594 INFO o.h.Version [main] HHH000412: Hibernate ORM core version 6.1.5.Final
2022-12-08 13:36:49,752 WARN o.h.b.i.MetadataBuilderImpl$MetadataBuildingOptionsImpl [main] HHH90000021: Encountered deprecated setting [javax.persistence.sharedCache.mode], use [jakarta.persistence.sharedCache.mode] instead
2022-12-08 13:36:49,890 INFO o.h.e.j.d.i.DialectFactoryImpl [main] HHH000400: Using dialect: org.hibernate.dialect.H2Dialect
2022-12-08 13:36:50,546 INFO o.h.e.t.j.p.i.JtaPlatformInitiator [main] HHH000490: Using JtaPlatform implementation: [org.hibernate.engine.transaction.jta.platform.internal.NoJtaPlatform]
2022-12-08 13:36:50,552 INFO o.s.o.j.AbstractEntityManagerFactoryBean [main] Initialized JPA EntityManagerFactory for persistence unit 'default'
2022-12-08 13:36:50,902 WARN o.s.b.a.o.j.JpaBaseConfiguration$JpaWebConfiguration [main] spring.jpa.open-in-view is enabled by default. Therefore, database queries may be performed during view rendering. Explicitly configure spring.jpa.open-in-view to disable this warning
2022-12-08 13:36:51,313 INFO o.s.b.w.e.t.TomcatWebServer [main] Tomcat started on port(s): 9000 (http) with context path ''
2022-12-08 13:36:59,574 INFO o.a.j.l.DirectJDKLog [http-nio-9000-exec-2] Initializing Spring DispatcherServlet 'dispatcherServlet'
2022-12-08 13:36:59,574 INFO o.s.w.s.FrameworkServlet [http-nio-9000-exec-2] Initializing Servlet 'dispatcherServlet'
2022-12-08 13:36:59,576 INFO o.s.w.s.FrameworkServlet [http-nio-9000-exec-2] Completed initialization in 2 ms
2022-12-08 13:36:59,608 ERROR o.e.e.r.a.MyController [http-nio-9000-exec-2] test
2022-12-08 13:36:59,609 ERROR o.e.e.r.a.MyController [http-nio-9000-exec-2] test
2022-12-08 13:36:59,609 ERROR o.e.e.r.a.MyController [http-nio-9000-exec-2] test
2022-12-08 13:40:28,271 INFO o.s.o.j.AbstractEntityManagerFactoryBean [SpringApplicationShutdownHook] Closing JPA EntityManagerFactory for persistence unit 'default'
2022-12-08 13:40:28,272 INFO o.h.t.s.i.SchemaDropperImpl$DelayedDropActionImpl [SpringApplicationShutdownHook] HHH000477: Starting delayed evictData of schema as part of SessionFactory shut-down'
